Port monitor named: Port1_h1[2].prt

nx        = 36
ny        = 4
nz        = 25

nu        = 23
nv        = 34
iu        = 2
iv        = 2

idir      = 1
dcut      = -2.940000e-002
icut      = 2
type      = 1
frequency = 2.000000e+009

fcutoff   = 0.000000e+000
alpha     = 0.000000e+000
beta      = 7.651307e+001
accuracy  = 1.358232e-011

type          = QTEM
wave imp.     = 2.483069e+002
wave imp.sig. = 7.647742e-009
line imp.     = 4.809214e+001

ref. port     = 0

-0.000000e+000  2.553908e-002  5.095467e-002  7.612453e-002  1.009289e-001  1.252515e-001  1.489809e-001  1.720113e-001  1.942435e-001  2.269161e-001  2.572898e-001  2.851282e-001  3.102439e-001  3.324986e-001  3.518018e-001  3.681081e-001  3.814134e-001  3.991195e-001  4.056010e-001  3.987269e-001  3.772368e-001  2.476200e-001  -0.000000e+000  
-0.000000e+000  4.392936e-002  8.754966e-002  1.305568e-001  1.726564e-001  2.135684e-001  2.530313e-001  2.908054e-001  3.266762e-001  3.781078e-001  4.242033e-001  4.645993e-001  4.990932e-001  5.276309e-001  5.502900e-001  5.672585e-001  5.788124e-001  5.867008e-001  5.775686e-001  5.453586e-001  4.971906e-001  2.992086e-001  -0.000000e+000  
-0.000000e+000  8.853559e-002  1.761289e-001  2.618596e-001  3.448504e-001  4.242873e-001  4.994365e-001  5.696602e-001  6.344275e-001  7.231747e-001  7.973131e-001  8.565414e-001  9.011263e-001  9.317998e-001  9.496403e-001  9.559527e-001  9.521608e-001  9.186189e-001  8.615879e-001  7.660596e-001  6.610887e-001  3.550295e-001  -0.000000e+000  
-0.000000e+000  1.698403e-001  3.371422e-001  4.994376e-001  6.543987e-001  7.999059e-001  9.341112e-001  1.055495e+000  1.162907e+000  1.300313e+000  1.402376e+000  1.470321e+000  1.506978e+000  1.516237e+000  1.502505e+000  1.470264e+000  1.423744e+000  1.299221e+000  1.156440e+000  9.663186e-001  7.887349e-001  3.836374e-001  -0.000000e+000  
-0.000000e+000  2.934102e-001  5.812897e-001  8.582266e-001  1.119064e+000  1.359065e+000  1.574112e+000  1.760912e+000  1.917201e+000  2.097129e+000  2.204195e+000  2.245702e+000  2.232533e+000  2.176891e+000  2.090550e+000  1.983819e+000  1.865109e+000  1.611222e+000  1.366614e+000  1.082849e+000  8.441144e-001  3.828088e-001  -0.000000e+000  
-0.000000e+000  4.262309e-001  8.438535e-001  1.244249e+000  1.618858e+000  1.959409e+000  2.258333e+000  2.509374e+000  2.708284e+000  2.910692e+000  2.993266e+000  2.975508e+000  2.882343e+000  2.738228e+000  2.563851e+000  2.375071e+000  2.183183e+000  1.812752e+000  1.486750e+000  1.136664e+000  8.590987e-001  3.724339e-001  -0.000000e+000  
-0.000000e+000  6.372823e-001  1.262986e+000  1.864645e+000  2.428260e+000  2.938178e+000  3.377850e+000  3.731732e+000  3.988275e+000  4.185998e+000  4.169621e+000  3.997278e+000  3.730509e+000  3.418668e+000  3.095433e+000  2.781217e+000  2.487058e+000  1.974209e+000  1.561659e+000  1.151105e+000  8.434664e-001  3.504084e-001  -0.000000e+000  
-0.000000e+000  8.740825e-001  1.740429e+000  2.588115e+000  3.399869e+000  4.149385e+000  4.800397e+000  5.309974e+000  5.638904e+000  5.757622e+000  5.500989e+000  5.036820e+000  4.498702e+000  3.964656e+000  3.471243e+000  3.031195e+000  2.645533e+000  2.025685e+000  1.559317e+000  1.119754e+000  8.028685e-001  3.242437e-001  -0.000000e+000  
-0.000000e+000  1.049406e+000  2.100900e+000  3.151773e+000  4.188693e+000  5.180360e+000  6.069878e+000  6.772422e+000  7.191090e+000  7.165056e+000  6.588308e+000  5.802167e+000  5.008629e+000  4.291422e+000  3.672246e+000  3.147172e+000  2.704074e+000  2.024209e+000  1.531749e+000  1.082006e+000  7.651340e-001  3.035057e-001  -0.000000e+000  
-0.000000e+000  1.205185e+000  2.431422e+000  3.695633e+000  5.003390e+000  6.334696e+000  7.618653e+000  8.699176e+000  9.323231e+000  8.933846e+000  7.766989e+000  6.510307e+000  5.410066e+000  4.506260e+000  3.775317e+000  3.182887e+000  2.698624e+000  1.982749e+000  1.479302e+000  1.030766e+000  7.204839e-001  2.815527e-001  -0.000000e+000  
-0.000000e+000  1.313315e+000  2.671319e+000  4.120002e+000  5.704283e+000  7.453993e+000  9.339125e+000  1.115741e+001  1.233161e+001  1.104737e+001  8.895839e+000  7.051408e+000  5.646800e+000  4.589078e+000  3.779122e+000  3.145344e+000  2.639310e+000  1.910962e+000  1.409615e+000  9.712392e-001  6.723284e-001  2.594715e-001  -0.000000e+000  
-0.000000e+000  1.351462e+000  2.769212e+000  4.332006e+000  6.146016e+000  8.360802e+000  1.116293e+001  1.462071e+001  1.780234e+001  1.373078e+001  9.826176e+000  7.306743e+000  5.658173e+000  4.511072e+000  3.668703e+000  3.025083e+000  2.518837e+000  1.802558e+000  1.316938e+000  8.984878e-001  6.165861e-001  2.352945e-001  -0.000000e+000  
-0.000000e+000  1.285872e+000  2.640146e+000  4.150970e+000  5.960803e+000  8.348889e+000  1.196095e+001  1.851376e+001  3.041334e+001  1.630855e+001  9.853350e+000  6.994544e+000  5.343113e+000  4.234977e+000  3.429273e+000  2.815776e+000  2.334450e+000  1.656913e+000  1.201307e+000  8.127748e-001  5.535471e-001  2.091510e-001  -0.000000e+000  
-0.000000e+000  1.110454e+000  2.260088e+000  3.491720e+000  4.853694e+000  6.392293e+000  8.101055e+000  9.687346e+000  -0.000000e+000  9.278867e+000  7.493934e+000  5.876871e+000  4.663348e+000  3.754557e+000  3.059144e+000  2.515987e+000  2.084533e+000  1.472473e+000  1.061456e+000  7.131889e-001  4.825560e-001  1.807540e-001  -0.000000e+000  
-0.000000e+000  8.668423e-001  1.737111e+000  2.604422e+000  3.434137e+000  4.120257e+000  4.382510e+000  3.531843e+000  -0.000000e+000  4.381602e+000  4.981920e+000  4.461726e+000  3.761630e+000  3.118784e+000  2.577831e+000  2.134253e+000  1.772921e+000  1.250463e+000  8.979621e-001  6.000951e-001  4.038789e-001  1.502026e-001  -0.000000e+000  
-0.000000e+000  4.927002e-001  9.597005e-001  1.366906e+000  1.662879e+000  1.770338e+000  1.584196e+000  9.961312e-001  -0.000000e+000  1.575654e+000  2.387329e+000  2.528904e+000  2.350745e+000  2.059883e+000  1.755119e+000  1.476544e+000  1.236463e+000  8.735413e-001  6.250301e-001  4.149986e-001  2.774136e-001  1.022111e-001  -0.000000e+000  
-0.000000e+000  8.728984e-010  -1.309860e-009  2.875988e-009  6.019125e-010  -5.015876e-009  4.474118e-009  -0.000000e+000  -0.000000e+000  -6.863368e-010  3.855028e-010  1.000131e-010  3.126326e-010  -6.082092e-010  -0.000000e+000  3.718090e-010  -6.718489e-011  2.225231e-010  -1.590674e-010  1.995065e-010  -6.481441e-010  -4.305232e-010  -0.000000e+000  
-0.000000e+000  -4.927002e-001  -9.597005e-001  -1.366906e+000  -1.662879e+000  -1.770338e+000  -1.584196e+000  -9.961312e-001  -0.000000e+000  -1.575654e+000  -2.387329e+000  -2.528904e+000  -2.350745e+000  -2.059883e+000  -1.755119e+000  -1.476544e+000  -1.236463e+000  -8.735413e-001  -6.250301e-001  -4.149986e-001  -2.774136e-001  -1.022111e-001  -0.000000e+000  
-0.000000e+000  -8.668423e-001  -1.737111e+000  -2.604422e+000  -3.434137e+000  -4.120256e+000  -4.382510e+000  -3.531843e+000  -0.000000e+000  -4.381602e+000  -4.981920e+000  -4.461726e+000  -3.761630e+000  -3.118784e+000  -2.577831e+000  -2.134253e+000  -1.772921e+000  -1.250463e+000  -8.979621e-001  -6.000951e-001  -4.038789e-001  -1.502026e-001  -0.000000e+000  
-0.000000e+000  -1.110454e+000  -2.260088e+000  -3.491720e+000  -4.853694e+000  -6.392293e+000  -8.101055e+000  -9.687346e+000  -0.000000e+000  -9.278867e+000  -7.493934e+000  -5.876871e+000  -4.663348e+000  -3.754557e+000  -3.059144e+000  -2.515987e+000  -2.084533e+000  -1.472473e+000  -1.061456e+000  -7.131889e-001  -4.825560e-001  -1.807539e-001  -0.000000e+000  
-0.000000e+000  -1.285872e+000  -2.640146e+000  -4.150970e+000  -5.960803e+000  -8.348889e+000  -1.196095e+001  -1.851376e+001  -3.041334e+001  -1.630855e+001  -9.853350e+000  -6.994544e+000  -5.343113e+000  -4.234977e+000  -3.429273e+000  -2.815776e+000  -2.334450e+000  -1.656913e+000  -1.201307e+000  -8.127748e-001  -5.535471e-001  -2.091510e-001  -0.000000e+000  
-0.000000e+000  -1.351462e+000  -2.769212e+000  -4.332006e+000  -6.146016e+000  -8.360802e+000  -1.116293e+001  -1.462071e+001  -1.780234e+001  -1.373078e+001  -9.826176e+000  -7.306743e+000  -5.658173e+000  -4.511072e+000  -3.668703e+000  -3.025083e+000  -2.518837e+000  -1.802558e+000  -1.316938e+000  -8.984878e-001  -6.165862e-001  -2.352945e-001  -0.000000e+000  
-0.000000e+000  -1.313315e+000  -2.671319e+000  -4.120002e+000  -5.704283e+000  -7.453993e+000  -9.339125e+000  -1.115741e+001  -1.233161e+001  -1.104737e+001  -8.895839e+000  -7.051408e+000  -5.646800e+000  -4.589078e+000  -3.779122e+000  -3.145344e+000  -2.639310e+000  -1.910962e+000  -1.409615e+000  -9.712392e-001  -6.723284e-001  -2.594715e-001  -0.000000e+000  
-0.000000e+000  -1.205185e+000  -2.431422e+000  -3.695633e+000  -5.003390e+000  -6.334696e+000  -7.618653e+000  -8.699176e+000  -9.323231e+000  -8.933846e+000  -7.766989e+000  -6.510307e+000  -5.410066e+000  -4.506260e+000  -3.775317e+000  -3.182887e+000  -2.698624e+000  -1.982749e+000  -1.479302e+000  -1.030766e+000  -7.204839e-001  -2.815527e-001  -0.000000e+000  
-0.000000e+000  -1.049406e+000  -2.100900e+000  -3.151773e+000  -4.188693e+000  -5.180361e+000  -6.069878e+000  -6.772422e+000  -7.191090e+000  -7.165056e+000  -6.588308e+000  -5.802167e+000  -5.008629e+000  -4.291422e+000  -3.672246e+000  -3.147172e+000  -2.704074e+000  -2.024209e+000  -1.531749e+000  -1.082006e+000  -7.651340e-001  -3.035057e-001  -0.000000e+000  
-0.000000e+000  -8.740825e-001  -1.740429e+000  -2.588115e+000  -3.399869e+000  -4.149385e+000  -4.800397e+000  -5.309974e+000  -5.638904e+000  -5.757622e+000  -5.500989e+000  -5.036820e+000  -4.498702e+000  -3.964656e+000  -3.471243e+000  -3.031195e+000  -2.645533e+000  -2.025685e+000  -1.559317e+000  -1.119754e+000  -8.028685e-001  -3.242436e-001  -0.000000e+000  
-0.000000e+000  -6.372823e-001  -1.262986e+000  -1.864645e+000  -2.428260e+000  -2.938178e+000  -3.377850e+000  -3.731732e+000  -3.988275e+000  -4.185998e+000  -4.169621e+000  -3.997278e+000  -3.730509e+000  -3.418668e+000  -3.095433e+000  -2.781217e+000  -2.487058e+000  -1.974209e+000  -1.561659e+000  -1.151105e+000  -8.434664e-001  -3.504084e-001  -0.000000e+000  
-0.000000e+000  -4.262309e-001  -8.438535e-001  -1.244249e+000  -1.618858e+000  -1.959409e+000  -2.258333e+000  -2.509374e+000  -2.708284e+000  -2.910692e+000  -2.993266e+000  -2.975508e+000  -2.882343e+000  -2.738228e+000  -2.563851e+000  -2.375071e+000  -2.183183e+000  -1.812752e+000  -1.486750e+000  -1.136664e+000  -8.590987e-001  -3.724339e-001  -0.000000e+000  
-0.000000e+000  -2.934102e-001  -5.812897e-001  -8.582266e-001  -1.119064e+000  -1.359065e+000  -1.574112e+000  -1.760912e+000  -1.917201e+000  -2.097129e+000  -2.204195e+000  -2.245702e+000  -2.232533e+000  -2.176891e+000  -2.090550e+000  -1.983819e+000  -1.865109e+000  -1.611222e+000  -1.366614e+000  -1.082849e+000  -8.441144e-001  -3.828088e-001  -0.000000e+000  
-0.000000e+000  -1.698403e-001  -3.371422e-001  -4.994376e-001  -6.543987e-001  -7.999059e-001  -9.341112e-001  -1.055495e+000  -1.162907e+000  -1.300313e+000  -1.402376e+000  -1.470321e+000  -1.506978e+000  -1.516237e+000  -1.502505e+000  -1.470264e+000  -1.423744e+000  -1.299221e+000  -1.156440e+000  -9.663186e-001  -7.887349e-001  -3.836374e-001  -0.000000e+000  
-0.000000e+000  -8.853559e-002  -1.761289e-001  -2.618596e-001  -3.448504e-001  -4.242873e-001  -4.994365e-001  -5.696602e-001  -6.344275e-001  -7.231747e-001  -7.973131e-001  -8.565414e-001  -9.011263e-001  -9.317998e-001  -9.496403e-001  -9.559527e-001  -9.521608e-001  -9.186189e-001  -8.615879e-001  -7.660596e-001  -6.610887e-001  -3.550295e-001  -0.000000e+000  
-0.000000e+000  -4.392936e-002  -8.754966e-002  -1.305568e-001  -1.726564e-001  -2.135684e-001  -2.530313e-001  -2.908054e-001  -3.266762e-001  -3.781078e-001  -4.242033e-001  -4.645993e-001  -4.990932e-001  -5.276309e-001  -5.502900e-001  -5.672585e-001  -5.788124e-001  -5.867008e-001  -5.775686e-001  -5.453586e-001  -4.971906e-001  -2.992086e-001  -0.000000e+000  
-0.000000e+000  -2.553908e-002  -5.095467e-002  -7.612453e-002  -1.009289e-001  -1.252515e-001  -1.489809e-001  -1.720113e-001  -1.942435e-001  -2.269161e-001  -2.572898e-001  -2.851282e-001  -3.102439e-001  -3.324986e-001  -3.518019e-001  -3.681081e-001  -3.814134e-001  -3.991195e-001  -4.056010e-001  -3.987269e-001  -3.772368e-001  -2.476200e-001  -0.000000e+000  
-0.000000e+000  -0.000000e+000  -0.000000e+000  -0.000000e+000  -0.000000e+000  -0.000000e+000  -0.000000e+000  -0.000000e+000  -0.000000e+000  -0.000000e+000  -0.000000e+000  -0.000000e+000  -0.000000e+000  -0.000000e+000  -0.000000e+000  -0.000000e+000  -0.000000e+000  -0.000000e+000  -0.000000e+000  -0.000000e+000  -0.000000e+000  -0.000000e+000  -0.000000e+000  

-0.000000e+000  -0.000000e+000  -0.000000e+000  -0.000000e+000  -0.000000e+000  -0.000000e+000  -0.000000e+000  -0.000000e+000  -0.000000e+000  -0.000000e+000  -0.000000e+000  -0.000000e+000  -0.000000e+000  -0.000000e+000  -0.000000e+000  -0.000000e+000  -0.000000e+000  -0.000000e+000  -0.000000e+000  -0.000000e+000  -0.000000e+000  -0.000000e+000  -0.000000e+000  
-4.288402e-001  -4.271826e-001  -4.238833e-001  -4.189742e-001  -4.125018e-001  -4.045272e-001  -3.951242e-001  -3.843784e-001  -3.695758e-001  -3.495081e-001  -3.273839e-001  -3.036189e-001  -2.786307e-001  -2.528256e-001  -2.265877e-001  -2.002705e-001  -1.611506e-001  -1.115966e-001  -5.933688e-002  -8.940327e-003  7.163657e-002  1.333241e-001  -0.000000e+000  
-9.971492e-001  -9.920719e-001  -9.819868e-001  -9.670311e-001  -9.474064e-001  -9.233726e-001  -8.952420e-001  -8.633706e-001  -8.195555e-001  -7.608732e-001  -6.974825e-001  -6.309365e-001  -5.627091e-001  -4.941412e-001  -4.264047e-001  -3.604833e-001  -2.655086e-001  -1.529133e-001  -4.203838e-002  5.545806e-002  1.970684e-001  2.831751e-001  -0.000000e+000  
-1.743128e+000  -1.730846e+000  -1.706518e+000  -1.670606e+000  -1.623786e+000  -1.566929e+000  -1.501066e+000  -1.427363e+000  -1.326769e+000  -1.194857e+000  -1.056644e+000  -9.164918e-001  -7.781801e-001  -6.447702e-001  -5.185673e-001  -4.011556e-001  -2.396440e-001  -6.574455e-002  8.936907e-002  2.086971e-001  3.576941e-001  4.179181e-001  -0.000000e+000  
-2.840404e+000  -2.812713e+000  -2.757991e+000  -2.677546e+000  -2.573307e+000  -2.447782e+000  -2.303980e+000  -2.145300e+000  -1.931248e+000  -1.658652e+000  -1.384432e+000  -1.119293e+000  -8.711969e-001  -6.452737e-001  -4.441438e-001  -2.684428e-001  -4.185370e-002  1.719524e-001  3.379268e-001  4.423838e-001  5.401944e-001  5.394677e-001  -0.000000e+000  
-3.766420e+000  -3.722001e+000  -3.634180e+000  -3.505030e+000  -3.337749e+000  -3.136700e+000  -2.907388e+000  -2.656296e+000  -2.320615e+000  -1.903619e+000  -1.499246e+000  -1.125252e+000  -7.922194e-001  -5.044688e-001  -2.617690e-001  -6.105394e-002  1.838502e-001  3.910983e-001  5.336386e-001  6.064158e-001  6.473477e-001  6.014127e-001  -0.000000e+000  
-5.096556e+000  -5.026142e+000  -4.886291e+000  -4.679254e+000  -4.409075e+000  -4.082240e+000  -3.708203e+000  -3.299492e+000  -2.757016e+000  -2.103070e+000  -1.499898e+000  -9.759416e-001  -5.409128e-001  -1.917893e-001  8.109473e-002  2.897325e-001  5.241081e-001  6.906705e-001  7.802003e-001  8.007008e-001  7.621319e-001  6.624003e-001  -0.000000e+000  
-7.061425e+000  -6.956209e+000  -6.744073e+000  -6.422621e+000  -5.990899e+000  -5.452651e+000  -4.820329e+000  -4.118479e+000  -3.186506e+000  -2.111367e+000  -1.200536e+000  -4.892016e-001  3.665047e-002  4.106132e-001  6.682425e-001  8.398431e-001  1.003392e+000  1.075068e+000  1.072742e+000  1.018318e+000  8.794755e-001  7.201828e-001  -0.000000e+000  
-8.401278e+000  -8.284512e+000  -8.044461e+000  -7.669149e+000  -7.143978e+000  -6.457653e+000  -5.612539e+000  -4.638759e+000  -3.325594e+000  -1.881935e+000  -7.664813e-001  1.891323e-002  5.424739e-001  8.782626e-001  1.085109e+000  1.204766e+000  1.295887e+000  1.294193e+000  1.230548e+000  1.131210e+000  9.368133e-001  7.470719e-001  -0.000000e+000  
-1.000547e+001  -9.892013e+000  -9.651348e+000  -9.255469e+000  -8.662657e+000  -7.822986e+000  -6.696657e+000  -5.295519e+000  -3.324393e+000  -1.340577e+000  -1.831807e-002  7.764426e-001  1.227360e+000  1.469063e+000  1.585432e+000  1.626253e+000  1.618200e+000  1.526573e+000  1.392665e+000  1.244548e+000  9.923312e-001  7.723296e-001  -0.000000e+000  
-1.152884e+001  -1.144187e+001  -1.124901e+001  -1.090808e+001  -1.034539e+001  -9.447398e+000  -8.067802e+000  -6.097218e+000  -3.030314e+000  -4.151183e-001  9.821271e-001  1.652363e+000  1.946087e+000  2.049386e+000  2.054907e+000  2.009240e+000  1.900285e+000  1.724001e+000  1.527022e+000  1.336774e+000  1.036200e+000  7.917965e-001  -0.000000e+000  
-1.318674e+001  -1.315582e+001  -1.307670e+001  -1.290587e+001  -1.255080e+001  -1.182319e+001  -1.036141e+001  -7.587317e+000  -2.013220e+000  1.306577e+000  2.458171e+000  2.774885e+000  2.789820e+000  2.694165e+000  2.558378e+000  2.410377e+000  2.187926e+000  1.921044e+000  1.658632e+000  1.425826e+000  1.077562e+000  8.097774e-001  -0.000000e+000  
-1.489138e+001  -1.494353e+001  -1.504613e+001  -1.518998e+001  -1.533684e+001  -1.534471e+001  -1.470426e+001  -1.158729e+001  1.257409e+000  4.446264e+000  4.480721e+000  4.095433e+000  3.706576e+000  3.365874e+000  3.070488e+000  2.812327e+000  2.471270e+000  2.112241e+000  1.784493e+000  1.509975e+000  1.115842e+000  8.261154e-001  -0.000000e+000  
-1.651276e+001  -1.665061e+001  -1.694931e+001  -1.746758e+001  -1.833821e+001  -1.987742e+001  -2.291490e+001  -2.986233e+001  1.820393e+001  9.649559e+000  6.778863e+000  5.419365e+000  4.592794e+000  4.008816e+000  3.559047e+000  3.194865e+000  2.739601e+000  2.291862e+000  1.901529e+000  1.587480e+000  1.150479e+000  8.406629e-001  -0.000000e+000  
-1.795868e+001  -1.814728e+001  -1.855217e+001  -1.923922e+001  -2.033859e+001  -2.209847e+001  -2.497924e+001  -2.974854e+001  1.699115e+001  1.112525e+001  8.116691e+000  6.422105e+000  5.342572e+000  4.581621e+000  4.005695e+000  3.549046e+000  2.990055e+000  2.459328e+000  2.009967e+000  1.658766e+000  1.181863e+000  8.536621e-001  -0.000000e+000  
-1.908823e+001  -1.928138e+001  -1.968275e+001  -2.032171e+001  -2.123633e+001  -2.244988e+001  -2.389510e+001  -2.520481e+001  1.285313e+001  1.061259e+001  8.540982e+000  6.997947e+000  5.871776e+000  5.026726e+000  4.370308e+000  3.845663e+000  3.203935e+000  2.603055e+000  2.102797e+000  1.719477e+000  1.208274e+000  8.644772e-001  -0.000000e+000  
-2.037495e+001  -2.050193e+001  -2.074928e+001  -2.110159e+001  -2.153019e+001  -2.198651e+001  -2.239486e+001  -2.265164e+001  9.870638e+000  9.242726e+000  8.291416e+000  7.283775e+000  6.347222e+000  5.526655e+000  4.827599e+000  4.239599e+000  3.501155e+000  2.805862e+000  2.233851e+000  1.804726e+000  1.244812e+000  8.792188e-001  -0.000000e+000  
-2.037495e+001  -2.050193e+001  -2.074928e+001  -2.110159e+001  -2.153019e+001  -2.198651e+001  -2.239486e+001  -2.265164e+001  9.870638e+000  9.242726e+000  8.291416e+000  7.283775e+000  6.347222e+000  5.526655e+000  4.827599e+000  4.239599e+000  3.501155e+000  2.805862e+000  2.233851e+000  1.804727e+000  1.244812e+000  8.792188e-001  -0.000000e+000  
-1.908823e+001  -1.928138e+001  -1.968275e+001  -2.032171e+001  -2.123633e+001  -2.244988e+001  -2.389510e+001  -2.520481e+001  1.285313e+001  1.061259e+001  8.540982e+000  6.997947e+000  5.871776e+000  5.026726e+000  4.370308e+000  3.845663e+000  3.203935e+000  2.603055e+000  2.102797e+000  1.719477e+000  1.208274e+000  8.644772e-001  -0.000000e+000  
-1.795868e+001  -1.814728e+001  -1.855217e+001  -1.923922e+001  -2.033859e+001  -2.209847e+001  -2.497924e+001  -2.974854e+001  1.699115e+001  1.112525e+001  8.116691e+000  6.422105e+000  5.342572e+000  4.581621e+000  4.005695e+000  3.549046e+000  2.990055e+000  2.459328e+000  2.009967e+000  1.658766e+000  1.181863e+000  8.536621e-001  -0.000000e+000  
-1.651276e+001  -1.665061e+001  -1.694931e+001  -1.746758e+001  -1.833821e+001  -1.987742e+001  -2.291490e+001  -2.986233e+001  1.820393e+001  9.649559e+000  6.778863e+000  5.419365e+000  4.592794e+000  4.008816e+000  3.559047e+000  3.194865e+000  2.739601e+000  2.291862e+000  1.901529e+000  1.587480e+000  1.150479e+000  8.406629e-001  -0.000000e+000  
-1.489138e+001  -1.494353e+001  -1.504613e+001  -1.518998e+001  -1.533684e+001  -1.534471e+001  -1.470426e+001  -1.158729e+001  1.257409e+000  4.446264e+000  4.480721e+000  4.095433e+000  3.706576e+000  3.365874e+000  3.070488e+000  2.812327e+000  2.471270e+000  2.112241e+000  1.784493e+000  1.509975e+000  1.115842e+000  8.261154e-001  -0.000000e+000  
-1.318674e+001  -1.315582e+001  -1.307670e+001  -1.290587e+001  -1.255080e+001  -1.182319e+001  -1.036141e+001  -7.587317e+000  -2.013220e+000  1.306577e+000  2.458171e+000  2.774885e+000  2.789820e+000  2.694165e+000  2.558378e+000  2.410377e+000  2.187926e+000  1.921044e+000  1.658632e+000  1.425826e+000  1.077562e+000  8.097774e-001  -0.000000e+000  
-1.152884e+001  -1.144187e+001  -1.124901e+001  -1.090808e+001  -1.034539e+001  -9.447398e+000  -8.067802e+000  -6.097218e+000  -3.030314e+000  -4.151183e-001  9.821271e-001  1.652363e+000  1.946087e+000  2.049386e+000  2.054907e+000  2.009240e+000  1.900285e+000  1.724001e+000  1.527022e+000  1.336774e+000  1.036200e+000  7.917965e-001  -0.000000e+000  
-1.000547e+001  -9.892013e+000  -9.651348e+000  -9.255469e+000  -8.662657e+000  -7.822986e+000  -6.696657e+000  -5.295519e+000  -3.324393e+000  -1.340577e+000  -1.831806e-002  7.764426e-001  1.227360e+000  1.469063e+000  1.585432e+000  1.626253e+000  1.618200e+000  1.526573e+000  1.392665e+000  1.244548e+000  9.923312e-001  7.723296e-001  -0.000000e+000  
-8.401278e+000  -8.284512e+000  -8.044461e+000  -7.669149e+000  -7.143978e+000  -6.457653e+000  -5.612539e+000  -4.638759e+000  -3.325594e+000  -1.881935e+000  -7.664813e-001  1.891324e-002  5.424739e-001  8.782627e-001  1.085109e+000  1.204766e+000  1.295887e+000  1.294193e+000  1.230548e+000  1.131210e+000  9.368133e-001  7.470719e-001  -0.000000e+000  
-7.061425e+000  -6.956209e+000  -6.744073e+000  -6.422621e+000  -5.990899e+000  -5.452651e+000  -4.820329e+000  -4.118479e+000  -3.186506e+000  -2.111368e+000  -1.200536e+000  -4.892016e-001  3.665048e-002  4.106132e-001  6.682425e-001  8.398431e-001  1.003392e+000  1.075068e+000  1.072742e+000  1.018318e+000  8.794755e-001  7.201828e-001  -0.000000e+000  
-5.096556e+000  -5.026142e+000  -4.886291e+000  -4.679254e+000  -4.409075e+000  -4.082240e+000  -3.708203e+000  -3.299492e+000  -2.757016e+000  -2.103070e+000  -1.499898e+000  -9.759416e-001  -5.409128e-001  -1.917893e-001  8.109472e-002  2.897325e-001  5.241081e-001  6.906705e-001  7.802003e-001  8.007008e-001  7.621319e-001  6.624003e-001  -0.000000e+000  
-3.766420e+000  -3.722001e+000  -3.634180e+000  -3.505030e+000  -3.337749e+000  -3.136700e+000  -2.907388e+000  -2.656296e+000  -2.320615e+000  -1.903619e+000  -1.499246e+000  -1.125252e+000  -7.922194e-001  -5.044688e-001  -2.617690e-001  -6.105394e-002  1.838502e-001  3.910983e-001  5.336386e-001  6.064158e-001  6.473477e-001  6.014127e-001  -0.000000e+000  
-2.840404e+000  -2.812713e+000  -2.757991e+000  -2.677546e+000  -2.573307e+000  -2.447782e+000  -2.303980e+000  -2.145300e+000  -1.931248e+000  -1.658652e+000  -1.384432e+000  -1.119293e+000  -8.711969e-001  -6.452737e-001  -4.441438e-001  -2.684428e-001  -4.185370e-002  1.719524e-001  3.379268e-001  4.423838e-001  5.401944e-001  5.394677e-001  -0.000000e+000  
-1.743128e+000  -1.730846e+000  -1.706518e+000  -1.670606e+000  -1.623786e+000  -1.566929e+000  -1.501066e+000  -1.427363e+000  -1.326769e+000  -1.194857e+000  -1.056644e+000  -9.164918e-001  -7.781801e-001  -6.447702e-001  -5.185673e-001  -4.011556e-001  -2.396440e-001  -6.574455e-002  8.936907e-002  2.086971e-001  3.576941e-001  4.179181e-001  -0.000000e+000  
-9.971492e-001  -9.920719e-001  -9.819867e-001  -9.670312e-001  -9.474063e-001  -9.233726e-001  -8.952419e-001  -8.633706e-001  -8.195555e-001  -7.608732e-001  -6.974825e-001  -6.309365e-001  -5.627091e-001  -4.941412e-001  -4.264047e-001  -3.604833e-001  -2.655086e-001  -1.529133e-001  -4.203838e-002  5.545806e-002  1.970684e-001  2.831751e-001  -0.000000e+000  
-4.288402e-001  -4.271826e-001  -4.238833e-001  -4.189741e-001  -4.125018e-001  -4.045271e-001  -3.951242e-001  -3.843784e-001  -3.695758e-001  -3.495081e-001  -3.273839e-001  -3.036189e-001  -2.786307e-001  -2.528256e-001  -2.265877e-001  -2.002705e-001  -1.611506e-001  -1.115966e-001  -5.933688e-002  -8.940327e-003  7.163657e-002  1.333241e-001  -0.000000e+000  
-0.000000e+000  -0.000000e+000  -0.000000e+000  -0.000000e+000  -0.000000e+000  -0.000000e+000  -0.000000e+000  -0.000000e+000  -0.000000e+000  -0.000000e+000  -0.000000e+000  -0.000000e+000  -0.000000e+000  -0.000000e+000  -0.000000e+000  -0.000000e+000  -0.000000e+000  -0.000000e+000  -0.000000e+000  -0.000000e+000  -0.000000e+000  -0.000000e+000  -0.000000e+000  

0.000000e+000  0.000000e+000  0.000000e+000  0.000000e+000  0.000000e+000  0.000000e+000  0.000000e+000  0.000000e+000  0.000000e+000  0.000000e+000  0.000000e+000  0.000000e+000  0.000000e+000  0.000000e+000  0.000000e+000  0.000000e+000  0.000000e+000  0.000000e+000  0.000000e+000  0.000000e+000  0.000000e+000  0.000000e+000  0.000000e+000  
0.000000e+000  0.000000e+000  0.000000e+000  0.000000e+000  0.000000e+000  0.000000e+000  0.000000e+000  0.000000e+000  0.000000e+000  0.000000e+000  0.000000e+000  0.000000e+000  0.000000e+000  0.000000e+000  0.000000e+000  0.000000e+000  0.000000e+000  0.000000e+000  0.000000e+000  0.000000e+000  0.000000e+000  0.000000e+000  0.000000e+000  
0.000000e+000  0.000000e+000  0.000000e+000  0.000000e+000  0.000000e+000  0.000000e+000  0.000000e+000  0.000000e+000  0.000000e+000  0.000000e+000  0.000000e+000  0.000000e+000  0.000000e+000  0.000000e+000  0.000000e+000  0.000000e+000  0.000000e+000  0.000000e+000  0.000000e+000  0.000000e+000  0.000000e+000  0.000000e+000  0.000000e+000  
0.000000e+000  0.000000e+000  0.000000e+000  0.000000e+000  0.000000e+000  0.000000e+000  0.000000e+000  0.000000e+000  0.000000e+000  0.000000e+000  0.000000e+000  0.000000e+000  0.000000e+000  0.000000e+000  0.000000e+000  0.000000e+000  0.000000e+000  0.000000e+000  0.000000e+000  0.000000e+000  0.000000e+000  0.000000e+000  0.000000e+000  
0.000000e+000  0.000000e+000  0.000000e+000  0.000000e+000  0.000000e+000  0.000000e+000  0.000000e+000  0.000000e+000  0.000000e+000  0.000000e+000  0.000000e+000  0.000000e+000  0.000000e+000  0.000000e+000  0.000000e+000  0.000000e+000  0.000000e+000  0.000000e+000  0.000000e+000  0.000000e+000  0.000000e+000  0.000000e+000  0.000000e+000  
0.000000e+000  0.000000e+000  0.000000e+000  0.000000e+000  0.000000e+000  0.000000e+000  0.000000e+000  0.000000e+000  0.000000e+000  0.000000e+000  0.000000e+000  0.000000e+000  0.000000e+000  0.000000e+000  0.000000e+000  0.000000e+000  0.000000e+000  0.000000e+000  0.000000e+000  0.000000e+000  0.000000e+000  0.000000e+000  0.000000e+000  
0.000000e+000  0.000000e+000  0.000000e+000  0.000000e+000  0.000000e+000  0.000000e+000  0.000000e+000  0.000000e+000  0.000000e+000  0.000000e+000  0.000000e+000  0.000000e+000  0.000000e+000  0.000000e+000  0.000000e+000  0.000000e+000  0.000000e+000  0.000000e+000  0.000000e+000  0.000000e+000  0.000000e+000  0.000000e+000  0.000000e+000  
0.000000e+000  0.000000e+000  0.000000e+000  0.000000e+000  0.000000e+000  0.000000e+000  0.000000e+000  0.000000e+000  0.000000e+000  0.000000e+000  0.000000e+000  0.000000e+000  0.000000e+000  0.000000e+000  0.000000e+000  0.000000e+000  0.000000e+000  0.000000e+000  0.000000e+000  0.000000e+000  0.000000e+000  0.000000e+000  0.000000e+000  
0.000000e+000  0.000000e+000  0.000000e+000  0.000000e+000  0.000000e+000  0.000000e+000  0.000000e+000  0.000000e+000  0.000000e+000  0.000000e+000  0.000000e+000  0.000000e+000  0.000000e+000  0.000000e+000  0.000000e+000  0.000000e+000  0.000000e+000  0.000000e+000  0.000000e+000  0.000000e+000  0.000000e+000  0.000000e+000  0.000000e+000  
0.000000e+000  0.000000e+000  0.000000e+000  0.000000e+000  0.000000e+000  0.000000e+000  0.000000e+000  0.000000e+000  0.000000e+000  0.000000e+000  0.000000e+000  0.000000e+000  0.000000e+000  0.000000e+000  0.000000e+000  0.000000e+000  0.000000e+000  0.000000e+000  0.000000e+000  0.000000e+000  0.000000e+000  0.000000e+000  0.000000e+000  
0.000000e+000  0.000000e+000  0.000000e+000  0.000000e+000  0.000000e+000  0.000000e+000  0.000000e+000  0.000000e+000  0.000000e+000  0.000000e+000  0.000000e+000  0.000000e+000  0.000000e+000  0.000000e+000  0.000000e+000  0.000000e+000  0.000000e+000  0.000000e+000  0.000000e+000  0.000000e+000  0.000000e+000  0.000000e+000  0.000000e+000  
0.000000e+000  0.000000e+000  0.000000e+000  0.000000e+000  0.000000e+000  0.000000e+000  0.000000e+000  0.000000e+000  0.000000e+000  0.000000e+000  0.000000e+000  0.000000e+000  0.000000e+000  0.000000e+000  0.000000e+000  0.000000e+000  0.000000e+000  0.000000e+000  0.000000e+000  0.000000e+000  0.000000e+000  0.000000e+000  0.000000e+000  
0.000000e+000  0.000000e+000  0.000000e+000  0.000000e+000  0.000000e+000  0.000000e+000  0.000000e+000  0.000000e+000  0.000000e+000  0.000000e+000  0.000000e+000  0.000000e+000  0.000000e+000  0.000000e+000  0.000000e+000  0.000000e+000  0.000000e+000  0.000000e+000  0.000000e+000  0.000000e+000  0.000000e+000  0.000000e+000  0.000000e+000  
0.000000e+000  0.000000e+000  0.000000e+000  0.000000e+000  0.000000e+000  0.000000e+000  0.000000e+000  0.000000e+000  0.000000e+000  0.000000e+000  0.000000e+000  0.000000e+000  0.000000e+000  0.000000e+000  0.000000e+000  0.000000e+000  0.000000e+000  0.000000e+000  0.000000e+000  0.000000e+000  0.000000e+000  0.000000e+000  0.000000e+000  
0.000000e+000  0.000000e+000  0.000000e+000  0.000000e+000  0.000000e+000  0.000000e+000  0.000000e+000  0.000000e+000  0.000000e+000  0.000000e+000  0.000000e+000  0.000000e+000  0.000000e+000  0.000000e+000  0.000000e+000  0.000000e+000  0.000000e+000  0.000000e+000  0.000000e+000  0.000000e+000  0.000000e+000  0.000000e+000  0.000000e+000  
0.000000e+000  0.000000e+000  0.000000e+000  0.000000e+000  0.000000e+000  0.000000e+000  0.000000e+000  0.000000e+000  0.000000e+000  0.000000e+000  0.000000e+000  0.000000e+000  0.000000e+000  0.000000e+000  0.000000e+000  0.000000e+000  0.000000e+000  0.000000e+000  0.000000e+000  0.000000e+000  0.000000e+000  0.000000e+000  0.000000e+000  
0.000000e+000  0.000000e+000  0.000000e+000  0.000000e+000  0.000000e+000  0.000000e+000  0.000000e+000  0.000000e+000  0.000000e+000  0.000000e+000  0.000000e+000  0.000000e+000  0.000000e+000  0.000000e+000  0.000000e+000  0.000000e+000  0.000000e+000  0.000000e+000  0.000000e+000  0.000000e+000  0.000000e+000  0.000000e+000  0.000000e+000  
0.000000e+000  0.000000e+000  0.000000e+000  0.000000e+000  0.000000e+000  0.000000e+000  0.000000e+000  0.000000e+000  0.000000e+000  0.000000e+000  0.000000e+000  0.000000e+000  0.000000e+000  0.000000e+000  0.000000e+000  0.000000e+000  0.000000e+000  0.000000e+000  0.000000e+000  0.000000e+000  0.000000e+000  0.000000e+000  0.000000e+000  
0.000000e+000  0.000000e+000  0.000000e+000  0.000000e+000  0.000000e+000  0.000000e+000  0.000000e+000  0.000000e+000  0.000000e+000  0.000000e+000  0.000000e+000  0.000000e+000  0.000000e+000  0.000000e+000  0.000000e+000  0.000000e+000  0.000000e+000  0.000000e+000  0.000000e+000  0.000000e+000  0.000000e+000  0.000000e+000  0.000000e+000  
0.000000e+000  0.000000e+000  0.000000e+000  0.000000e+000  0.000000e+000  0.000000e+000  0.000000e+000  0.000000e+000  0.000000e+000  0.000000e+000  0.000000e+000  0.000000e+000  0.000000e+000  0.000000e+000  0.000000e+000  0.000000e+000  0.000000e+000  0.000000e+000  0.000000e+000  0.000000e+000  0.000000e+000  0.000000e+000  0.000000e+000  
0.000000e+000  0.000000e+000  0.000000e+000  0.000000e+000  0.000000e+000  0.000000e+000  0.000000e+000  0.000000e+000  0.000000e+000  0.000000e+000  0.000000e+000  0.000000e+000  0.000000e+000  0.000000e+000  0.000000e+000  0.000000e+000  0.000000e+000  0.000000e+000  0.000000e+000  0.000000e+000  0.000000e+000  0.000000e+000  0.000000e+000  
0.000000e+000  0.000000e+000  0.000000e+000  0.000000e+000  0.000000e+000  0.000000e+000  0.000000e+000  0.000000e+000  0.000000e+000  0.000000e+000  0.000000e+000  0.000000e+000  0.000000e+000  0.000000e+000  0.000000e+000  0.000000e+000  0.000000e+000  0.000000e+000  0.000000e+000  0.000000e+000  0.000000e+000  0.000000e+000  0.000000e+000  
0.000000e+000  0.000000e+000  0.000000e+000  0.000000e+000  0.000000e+000  0.000000e+000  0.000000e+000  0.000000e+000  0.000000e+000  0.000000e+000  0.000000e+000  0.000000e+000  0.000000e+000  0.000000e+000  0.000000e+000  0.000000e+000  0.000000e+000  0.000000e+000  0.000000e+000  0.000000e+000  0.000000e+000  0.000000e+000  0.000000e+000  
0.000000e+000  0.000000e+000  0.000000e+000  0.000000e+000  0.000000e+000  0.000000e+000  0.000000e+000  0.000000e+000  0.000000e+000  0.000000e+000  0.000000e+000  0.000000e+000  0.000000e+000  0.000000e+000  0.000000e+000  0.000000e+000  0.000000e+000  0.000000e+000  0.000000e+000  0.000000e+000  0.000000e+000  0.000000e+000  0.000000e+000  
0.000000e+000  0.000000e+000  0.000000e+000  0.000000e+000  0.000000e+000  0.000000e+000  0.000000e+000  0.000000e+000  0.000000e+000  0.000000e+000  0.000000e+000  0.000000e+000  0.000000e+000  0.000000e+000  0.000000e+000  0.000000e+000  0.000000e+000  0.000000e+000  0.000000e+000  0.000000e+000  0.000000e+000  0.000000e+000  0.000000e+000  
0.000000e+000  0.000000e+000  0.000000e+000  0.000000e+000  0.000000e+000  0.000000e+000  0.000000e+000  0.000000e+000  0.000000e+000  0.000000e+000  0.000000e+000  0.000000e+000  0.000000e+000  0.000000e+000  0.000000e+000  0.000000e+000  0.000000e+000  0.000000e+000  0.000000e+000  0.000000e+000  0.000000e+000  0.000000e+000  0.000000e+000  
0.000000e+000  0.000000e+000  0.000000e+000  0.000000e+000  0.000000e+000  0.000000e+000  0.000000e+000  0.000000e+000  0.000000e+000  0.000000e+000  0.000000e+000  0.000000e+000  0.000000e+000  0.000000e+000  0.000000e+000  0.000000e+000  0.000000e+000  0.000000e+000  0.000000e+000  0.000000e+000  0.000000e+000  0.000000e+000  0.000000e+000  
0.000000e+000  0.000000e+000  0.000000e+000  0.000000e+000  0.000000e+000  0.000000e+000  0.000000e+000  0.000000e+000  0.000000e+000  0.000000e+000  0.000000e+000  0.000000e+000  0.000000e+000  0.000000e+000  0.000000e+000  0.000000e+000  0.000000e+000  0.000000e+000  0.000000e+000  0.000000e+000  0.000000e+000  0.000000e+000  0.000000e+000  
0.000000e+000  0.000000e+000  0.000000e+000  0.000000e+000  0.000000e+000  0.000000e+000  0.000000e+000  0.000000e+000  0.000000e+000  0.000000e+000  0.000000e+000  0.000000e+000  0.000000e+000  0.000000e+000  0.000000e+000  0.000000e+000  0.000000e+000  0.000000e+000  0.000000e+000  0.000000e+000  0.000000e+000  0.000000e+000  0.000000e+000  
0.000000e+000  0.000000e+000  0.000000e+000  0.000000e+000  0.000000e+000  0.000000e+000  0.000000e+000  0.000000e+000  0.000000e+000  0.000000e+000  0.000000e+000  0.000000e+000  0.000000e+000  0.000000e+000  0.000000e+000  0.000000e+000  0.000000e+000  0.000000e+000  0.000000e+000  0.000000e+000  0.000000e+000  0.000000e+000  0.000000e+000  
0.000000e+000  0.000000e+000  0.000000e+000  0.000000e+000  0.000000e+000  0.000000e+000  0.000000e+000  0.000000e+000  0.000000e+000  0.000000e+000  0.000000e+000  0.000000e+000  0.000000e+000  0.000000e+000  0.000000e+000  0.000000e+000  0.000000e+000  0.000000e+000  0.000000e+000  0.000000e+000  0.000000e+000  0.000000e+000  0.000000e+000  
0.000000e+000  0.000000e+000  0.000000e+000  0.000000e+000  0.000000e+000  0.000000e+000  0.000000e+000  0.000000e+000  0.000000e+000  0.000000e+000  0.000000e+000  0.000000e+000  0.000000e+000  0.000000e+000  0.000000e+000  0.000000e+000  0.000000e+000  0.000000e+000  0.000000e+000  0.000000e+000  0.000000e+000  0.000000e+000  0.000000e+000  
0.000000e+000  0.000000e+000  0.000000e+000  0.000000e+000  0.000000e+000  0.000000e+000  0.000000e+000  0.000000e+000  0.000000e+000  0.000000e+000  0.000000e+000  0.000000e+000  0.000000e+000  0.000000e+000  0.000000e+000  0.000000e+000  0.000000e+000  0.000000e+000  0.000000e+000  0.000000e+000  0.000000e+000  0.000000e+000  0.000000e+000  
0.000000e+000  0.000000e+000  0.000000e+000  0.000000e+000  0.000000e+000  0.000000e+000  0.000000e+000  0.000000e+000  0.000000e+000  0.000000e+000  0.000000e+000  0.000000e+000  0.000000e+000  0.000000e+000  0.000000e+000  0.000000e+000  0.000000e+000  0.000000e+000  0.000000e+000  0.000000e+000  0.000000e+000  0.000000e+000  0.000000e+000  

0.000000e+000  0.000000e+000  0.000000e+000  0.000000e+000  0.000000e+000  0.000000e+000  0.000000e+000  0.000000e+000  0.000000e+000  0.000000e+000  0.000000e+000  0.000000e+000  0.000000e+000  0.000000e+000  0.000000e+000  0.000000e+000  0.000000e+000  0.000000e+000  0.000000e+000  0.000000e+000  0.000000e+000  0.000000e+000  0.000000e+000  
0.000000e+000  0.000000e+000  0.000000e+000  0.000000e+000  0.000000e+000  0.000000e+000  0.000000e+000  0.000000e+000  0.000000e+000  0.000000e+000  0.000000e+000  0.000000e+000  0.000000e+000  0.000000e+000  0.000000e+000  0.000000e+000  0.000000e+000  0.000000e+000  0.000000e+000  0.000000e+000  0.000000e+000  0.000000e+000  0.000000e+000  
0.000000e+000  0.000000e+000  0.000000e+000  0.000000e+000  0.000000e+000  0.000000e+000  0.000000e+000  0.000000e+000  0.000000e+000  0.000000e+000  0.000000e+000  0.000000e+000  0.000000e+000  0.000000e+000  0.000000e+000  0.000000e+000  0.000000e+000  0.000000e+000  0.000000e+000  0.000000e+000  0.000000e+000  0.000000e+000  0.000000e+000  
0.000000e+000  0.000000e+000  0.000000e+000  0.000000e+000  0.000000e+000  0.000000e+000  0.000000e+000  0.000000e+000  0.000000e+000  0.000000e+000  0.000000e+000  0.000000e+000  0.000000e+000  0.000000e+000  0.000000e+000  0.000000e+000  0.000000e+000  0.000000e+000  0.000000e+000  0.000000e+000  0.000000e+000  0.000000e+000  0.000000e+000  
0.000000e+000  0.000000e+000  0.000000e+000  0.000000e+000  0.000000e+000  0.000000e+000  0.000000e+000  0.000000e+000  0.000000e+000  0.000000e+000  0.000000e+000  0.000000e+000  0.000000e+000  0.000000e+000  0.000000e+000  0.000000e+000  0.000000e+000  0.000000e+000  0.000000e+000  0.000000e+000  0.000000e+000  0.000000e+000  0.000000e+000  
0.000000e+000  0.000000e+000  0.000000e+000  0.000000e+000  0.000000e+000  0.000000e+000  0.000000e+000  0.000000e+000  0.000000e+000  0.000000e+000  0.000000e+000  0.000000e+000  0.000000e+000  0.000000e+000  0.000000e+000  0.000000e+000  0.000000e+000  0.000000e+000  0.000000e+000  0.000000e+000  0.000000e+000  0.000000e+000  0.000000e+000  
0.000000e+000  0.000000e+000  0.000000e+000  0.000000e+000  0.000000e+000  0.000000e+000  0.000000e+000  0.000000e+000  0.000000e+000  0.000000e+000  0.000000e+000  0.000000e+000  0.000000e+000  0.000000e+000  0.000000e+000  0.000000e+000  0.000000e+000  0.000000e+000  0.000000e+000  0.000000e+000  0.000000e+000  0.000000e+000  0.000000e+000  
0.000000e+000  0.000000e+000  0.000000e+000  0.000000e+000  0.000000e+000  0.000000e+000  0.000000e+000  0.000000e+000  0.000000e+000  0.000000e+000  0.000000e+000  0.000000e+000  0.000000e+000  0.000000e+000  0.000000e+000  0.000000e+000  0.000000e+000  0.000000e+000  0.000000e+000  0.000000e+000  0.000000e+000  0.000000e+000  0.000000e+000  
0.000000e+000  0.000000e+000  0.000000e+000  0.000000e+000  0.000000e+000  0.000000e+000  0.000000e+000  0.000000e+000  0.000000e+000  0.000000e+000  0.000000e+000  0.000000e+000  0.000000e+000  0.000000e+000  0.000000e+000  0.000000e+000  0.000000e+000  0.000000e+000  0.000000e+000  0.000000e+000  0.000000e+000  0.000000e+000  0.000000e+000  
0.000000e+000  0.000000e+000  0.000000e+000  0.000000e+000  0.000000e+000  0.000000e+000  0.000000e+000  0.000000e+000  0.000000e+000  0.000000e+000  0.000000e+000  0.000000e+000  0.000000e+000  0.000000e+000  0.000000e+000  0.000000e+000  0.000000e+000  0.000000e+000  0.000000e+000  0.000000e+000  0.000000e+000  0.000000e+000  0.000000e+000  
0.000000e+000  0.000000e+000  0.000000e+000  0.000000e+000  0.000000e+000  0.000000e+000  0.000000e+000  0.000000e+000  0.000000e+000  0.000000e+000  0.000000e+000  0.000000e+000  0.000000e+000  0.000000e+000  0.000000e+000  0.000000e+000  0.000000e+000  0.000000e+000  0.000000e+000  0.000000e+000  0.000000e+000  0.000000e+000  0.000000e+000  
0.000000e+000  0.000000e+000  0.000000e+000  0.000000e+000  0.000000e+000  0.000000e+000  0.000000e+000  0.000000e+000  0.000000e+000  0.000000e+000  0.000000e+000  0.000000e+000  0.000000e+000  0.000000e+000  0.000000e+000  0.000000e+000  0.000000e+000  0.000000e+000  0.000000e+000  0.000000e+000  0.000000e+000  0.000000e+000  0.000000e+000  
0.000000e+000  0.000000e+000  0.000000e+000  0.000000e+000  0.000000e+000  0.000000e+000  0.000000e+000  0.000000e+000  0.000000e+000  0.000000e+000  0.000000e+000  0.000000e+000  0.000000e+000  0.000000e+000  0.000000e+000  0.000000e+000  0.000000e+000  0.000000e+000  0.000000e+000  0.000000e+000  0.000000e+000  0.000000e+000  0.000000e+000  
0.000000e+000  0.000000e+000  0.000000e+000  0.000000e+000  0.000000e+000  0.000000e+000  0.000000e+000  0.000000e+000  0.000000e+000  0.000000e+000  0.000000e+000  0.000000e+000  0.000000e+000  0.000000e+000  0.000000e+000  0.000000e+000  0.000000e+000  0.000000e+000  0.000000e+000  0.000000e+000  0.000000e+000  0.000000e+000  0.000000e+000  
0.000000e+000  0.000000e+000  0.000000e+000  0.000000e+000  0.000000e+000  0.000000e+000  0.000000e+000  0.000000e+000  0.000000e+000  0.000000e+000  0.000000e+000  0.000000e+000  0.000000e+000  0.000000e+000  0.000000e+000  0.000000e+000  0.000000e+000  0.000000e+000  0.000000e+000  0.000000e+000  0.000000e+000  0.000000e+000  0.000000e+000  
0.000000e+000  0.000000e+000  0.000000e+000  0.000000e+000  0.000000e+000  0.000000e+000  0.000000e+000  0.000000e+000  0.000000e+000  0.000000e+000  0.000000e+000  0.000000e+000  0.000000e+000  0.000000e+000  0.000000e+000  0.000000e+000  0.000000e+000  0.000000e+000  0.000000e+000  0.000000e+000  0.000000e+000  0.000000e+000  0.000000e+000  
0.000000e+000  0.000000e+000  0.000000e+000  0.000000e+000  0.000000e+000  0.000000e+000  0.000000e+000  0.000000e+000  0.000000e+000  0.000000e+000  0.000000e+000  0.000000e+000  0.000000e+000  0.000000e+000  0.000000e+000  0.000000e+000  0.000000e+000  0.000000e+000  0.000000e+000  0.000000e+000  0.000000e+000  0.000000e+000  0.000000e+000  
0.000000e+000  0.000000e+000  0.000000e+000  0.000000e+000  0.000000e+000  0.000000e+000  0.000000e+000  0.000000e+000  0.000000e+000  0.000000e+000  0.000000e+000  0.000000e+000  0.000000e+000  0.000000e+000  0.000000e+000  0.000000e+000  0.000000e+000  0.000000e+000  0.000000e+000  0.000000e+000  0.000000e+000  0.000000e+000  0.000000e+000  
0.000000e+000  0.000000e+000  0.000000e+000  0.000000e+000  0.000000e+000  0.000000e+000  0.000000e+000  0.000000e+000  0.000000e+000  0.000000e+000  0.000000e+000  0.000000e+000  0.000000e+000  0.000000e+000  0.000000e+000  0.000000e+000  0.000000e+000  0.000000e+000  0.000000e+000  0.000000e+000  0.000000e+000  0.000000e+000  0.000000e+000  
0.000000e+000  0.000000e+000  0.000000e+000  0.000000e+000  0.000000e+000  0.000000e+000  0.000000e+000  0.000000e+000  0.000000e+000  0.000000e+000  0.000000e+000  0.000000e+000  0.000000e+000  0.000000e+000  0.000000e+000  0.000000e+000  0.000000e+000  0.000000e+000  0.000000e+000  0.000000e+000  0.000000e+000  0.000000e+000  0.000000e+000  
0.000000e+000  0.000000e+000  0.000000e+000  0.000000e+000  0.000000e+000  0.000000e+000  0.000000e+000  0.000000e+000  0.000000e+000  0.000000e+000  0.000000e+000  0.000000e+000  0.000000e+000  0.000000e+000  0.000000e+000  0.000000e+000  0.000000e+000  0.000000e+000  0.000000e+000  0.000000e+000  0.000000e+000  0.000000e+000  0.000000e+000  
0.000000e+000  0.000000e+000  0.000000e+000  0.000000e+000  0.000000e+000  0.000000e+000  0.000000e+000  0.000000e+000  0.000000e+000  0.000000e+000  0.000000e+000  0.000000e+000  0.000000e+000  0.000000e+000  0.000000e+000  0.000000e+000  0.000000e+000  0.000000e+000  0.000000e+000  0.000000e+000  0.000000e+000  0.000000e+000  0.000000e+000  
0.000000e+000  0.000000e+000  0.000000e+000  0.000000e+000  0.000000e+000  0.000000e+000  0.000000e+000  0.000000e+000  0.000000e+000  0.000000e+000  0.000000e+000  0.000000e+000  0.000000e+000  0.000000e+000  0.000000e+000  0.000000e+000  0.000000e+000  0.000000e+000  0.000000e+000  0.000000e+000  0.000000e+000  0.000000e+000  0.000000e+000  
0.000000e+000  0.000000e+000  0.000000e+000  0.000000e+000  0.000000e+000  0.000000e+000  0.000000e+000  0.000000e+000  0.000000e+000  0.000000e+000  0.000000e+000  0.000000e+000  0.000000e+000  0.000000e+000  0.000000e+000  0.000000e+000  0.000000e+000  0.000000e+000  0.000000e+000  0.000000e+000  0.000000e+000  0.000000e+000  0.000000e+000  
0.000000e+000  0.000000e+000  0.000000e+000  0.000000e+000  0.000000e+000  0.000000e+000  0.000000e+000  0.000000e+000  0.000000e+000  0.000000e+000  0.000000e+000  0.000000e+000  0.000000e+000  0.000000e+000  0.000000e+000  0.000000e+000  0.000000e+000  0.000000e+000  0.000000e+000  0.000000e+000  0.000000e+000  0.000000e+000  0.000000e+000  
0.000000e+000  0.000000e+000  0.000000e+000  0.000000e+000  0.000000e+000  0.000000e+000  0.000000e+000  0.000000e+000  0.000000e+000  0.000000e+000  0.000000e+000  0.000000e+000  0.000000e+000  0.000000e+000  0.000000e+000  0.000000e+000  0.000000e+000  0.000000e+000  0.000000e+000  0.000000e+000  0.000000e+000  0.000000e+000  0.000000e+000  
0.000000e+000  0.000000e+000  0.000000e+000  0.000000e+000  0.000000e+000  0.000000e+000  0.000000e+000  0.000000e+000  0.000000e+000  0.000000e+000  0.000000e+000  0.000000e+000  0.000000e+000  0.000000e+000  0.000000e+000  0.000000e+000  0.000000e+000  0.000000e+000  0.000000e+000  0.000000e+000  0.000000e+000  0.000000e+000  0.000000e+000  
0.000000e+000  0.000000e+000  0.000000e+000  0.000000e+000  0.000000e+000  0.000000e+000  0.000000e+000  0.000000e+000  0.000000e+000  0.000000e+000  0.000000e+000  0.000000e+000  0.000000e+000  0.000000e+000  0.000000e+000  0.000000e+000  0.000000e+000  0.000000e+000  0.000000e+000  0.000000e+000  0.000000e+000  0.000000e+000  0.000000e+000  
0.000000e+000  0.000000e+000  0.000000e+000  0.000000e+000  0.000000e+000  0.000000e+000  0.000000e+000  0.000000e+000  0.000000e+000  0.000000e+000  0.000000e+000  0.000000e+000  0.000000e+000  0.000000e+000  0.000000e+000  0.000000e+000  0.000000e+000  0.000000e+000  0.000000e+000  0.000000e+000  0.000000e+000  0.000000e+000  0.000000e+000  
0.000000e+000  0.000000e+000  0.000000e+000  0.000000e+000  0.000000e+000  0.000000e+000  0.000000e+000  0.000000e+000  0.000000e+000  0.000000e+000  0.000000e+000  0.000000e+000  0.000000e+000  0.000000e+000  0.000000e+000  0.000000e+000  0.000000e+000  0.000000e+000  0.000000e+000  0.000000e+000  0.000000e+000  0.000000e+000  0.000000e+000  
0.000000e+000  0.000000e+000  0.000000e+000  0.000000e+000  0.000000e+000  0.000000e+000  0.000000e+000  0.000000e+000  0.000000e+000  0.000000e+000  0.000000e+000  0.000000e+000  0.000000e+000  0.000000e+000  0.000000e+000  0.000000e+000  0.000000e+000  0.000000e+000  0.000000e+000  0.000000e+000  0.000000e+000  0.000000e+000  0.000000e+000  
0.000000e+000  0.000000e+000  0.000000e+000  0.000000e+000  0.000000e+000  0.000000e+000  0.000000e+000  0.000000e+000  0.000000e+000  0.000000e+000  0.000000e+000  0.000000e+000  0.000000e+000  0.000000e+000  0.000000e+000  0.000000e+000  0.000000e+000  0.000000e+000  0.000000e+000  0.000000e+000  0.000000e+000  0.000000e+000  0.000000e+000  
0.000000e+000  0.000000e+000  0.000000e+000  0.000000e+000  0.000000e+000  0.000000e+000  0.000000e+000  0.000000e+000  0.000000e+000  0.000000e+000  0.000000e+000  0.000000e+000  0.000000e+000  0.000000e+000  0.000000e+000  0.000000e+000  0.000000e+000  0.000000e+000  0.000000e+000  0.000000e+000  0.000000e+000  0.000000e+000  0.000000e+000  
0.000000e+000  0.000000e+000  0.000000e+000  0.000000e+000  0.000000e+000  0.000000e+000  0.000000e+000  0.000000e+000  0.000000e+000  0.000000e+000  0.000000e+000  0.000000e+000  0.000000e+000  0.000000e+000  0.000000e+000  0.000000e+000  0.000000e+000  0.000000e+000  0.000000e+000  0.000000e+000  0.000000e+000  0.000000e+000  0.000000e+000  

0.000000e+000  0.000000e+000  0.000000e+000  0.000000e+000  0.000000e+000  0.000000e+000  0.000000e+000  0.000000e+000  0.000000e+000  0.000000e+000  0.000000e+000  0.000000e+000  0.000000e+000  0.000000e+000  0.000000e+000  0.000000e+000  0.000000e+000  0.000000e+000  0.000000e+000  0.000000e+000  0.000000e+000  0.000000e+000  0.000000e+000  
0.000000e+000  0.000000e+000  0.000000e+000  0.000000e+000  0.000000e+000  0.000000e+000  0.000000e+000  0.000000e+000  0.000000e+000  0.000000e+000  0.000000e+000  0.000000e+000  0.000000e+000  0.000000e+000  0.000000e+000  0.000000e+000  0.000000e+000  0.000000e+000  0.000000e+000  0.000000e+000  0.000000e+000  0.000000e+000  0.000000e+000  
0.000000e+000  0.000000e+000  0.000000e+000  0.000000e+000  0.000000e+000  0.000000e+000  0.000000e+000  0.000000e+000  0.000000e+000  0.000000e+000  0.000000e+000  0.000000e+000  0.000000e+000  0.000000e+000  0.000000e+000  0.000000e+000  0.000000e+000  0.000000e+000  0.000000e+000  0.000000e+000  0.000000e+000  0.000000e+000  0.000000e+000  
0.000000e+000  0.000000e+000  0.000000e+000  0.000000e+000  0.000000e+000  0.000000e+000  0.000000e+000  0.000000e+000  0.000000e+000  0.000000e+000  0.000000e+000  0.000000e+000  0.000000e+000  0.000000e+000  0.000000e+000  0.000000e+000  0.000000e+000  0.000000e+000  0.000000e+000  0.000000e+000  0.000000e+000  0.000000e+000  0.000000e+000  
0.000000e+000  0.000000e+000  0.000000e+000  0.000000e+000  0.000000e+000  0.000000e+000  0.000000e+000  0.000000e+000  0.000000e+000  0.000000e+000  0.000000e+000  0.000000e+000  0.000000e+000  0.000000e+000  0.000000e+000  0.000000e+000  0.000000e+000  0.000000e+000  0.000000e+000  0.000000e+000  0.000000e+000  0.000000e+000  0.000000e+000  
0.000000e+000  0.000000e+000  0.000000e+000  0.000000e+000  0.000000e+000  0.000000e+000  0.000000e+000  0.000000e+000  0.000000e+000  0.000000e+000  0.000000e+000  0.000000e+000  0.000000e+000  0.000000e+000  0.000000e+000  0.000000e+000  0.000000e+000  0.000000e+000  0.000000e+000  0.000000e+000  0.000000e+000  0.000000e+000  0.000000e+000  
0.000000e+000  0.000000e+000  0.000000e+000  0.000000e+000  0.000000e+000  0.000000e+000  0.000000e+000  0.000000e+000  0.000000e+000  0.000000e+000  0.000000e+000  0.000000e+000  0.000000e+000  0.000000e+000  0.000000e+000  0.000000e+000  0.000000e+000  0.000000e+000  0.000000e+000  0.000000e+000  0.000000e+000  0.000000e+000  0.000000e+000  
0.000000e+000  0.000000e+000  0.000000e+000  0.000000e+000  0.000000e+000  0.000000e+000  0.000000e+000  0.000000e+000  0.000000e+000  0.000000e+000  0.000000e+000  0.000000e+000  0.000000e+000  0.000000e+000  0.000000e+000  0.000000e+000  0.000000e+000  0.000000e+000  0.000000e+000  0.000000e+000  0.000000e+000  0.000000e+000  0.000000e+000  
0.000000e+000  0.000000e+000  0.000000e+000  0.000000e+000  0.000000e+000  0.000000e+000  0.000000e+000  0.000000e+000  0.000000e+000  0.000000e+000  0.000000e+000  0.000000e+000  0.000000e+000  0.000000e+000  0.000000e+000  0.000000e+000  0.000000e+000  0.000000e+000  0.000000e+000  0.000000e+000  0.000000e+000  0.000000e+000  0.000000e+000  
0.000000e+000  0.000000e+000  0.000000e+000  0.000000e+000  0.000000e+000  0.000000e+000  0.000000e+000  0.000000e+000  0.000000e+000  0.000000e+000  0.000000e+000  0.000000e+000  0.000000e+000  0.000000e+000  0.000000e+000  0.000000e+000  0.000000e+000  0.000000e+000  0.000000e+000  0.000000e+000  0.000000e+000  0.000000e+000  0.000000e+000  
0.000000e+000  0.000000e+000  0.000000e+000  0.000000e+000  0.000000e+000  0.000000e+000  0.000000e+000  0.000000e+000  0.000000e+000  0.000000e+000  0.000000e+000  0.000000e+000  0.000000e+000  0.000000e+000  0.000000e+000  0.000000e+000  0.000000e+000  0.000000e+000  0.000000e+000  0.000000e+000  0.000000e+000  0.000000e+000  0.000000e+000  
0.000000e+000  0.000000e+000  0.000000e+000  0.000000e+000  0.000000e+000  0.000000e+000  0.000000e+000  0.000000e+000  0.000000e+000  0.000000e+000  0.000000e+000  0.000000e+000  0.000000e+000  0.000000e+000  0.000000e+000  0.000000e+000  0.000000e+000  0.000000e+000  0.000000e+000  0.000000e+000  0.000000e+000  0.000000e+000  0.000000e+000  
0.000000e+000  0.000000e+000  0.000000e+000  0.000000e+000  0.000000e+000  0.000000e+000  0.000000e+000  0.000000e+000  0.000000e+000  0.000000e+000  0.000000e+000  0.000000e+000  0.000000e+000  0.000000e+000  0.000000e+000  0.000000e+000  0.000000e+000  0.000000e+000  0.000000e+000  0.000000e+000  0.000000e+000  0.000000e+000  0.000000e+000  
0.000000e+000  0.000000e+000  0.000000e+000  0.000000e+000  0.000000e+000  0.000000e+000  0.000000e+000  0.000000e+000  0.000000e+000  0.000000e+000  0.000000e+000  0.000000e+000  0.000000e+000  0.000000e+000  0.000000e+000  0.000000e+000  0.000000e+000  0.000000e+000  0.000000e+000  0.000000e+000  0.000000e+000  0.000000e+000  0.000000e+000  
0.000000e+000  0.000000e+000  0.000000e+000  0.000000e+000  0.000000e+000  0.000000e+000  0.000000e+000  0.000000e+000  0.000000e+000  0.000000e+000  0.000000e+000  0.000000e+000  0.000000e+000  0.000000e+000  0.000000e+000  0.000000e+000  0.000000e+000  0.000000e+000  0.000000e+000  0.000000e+000  0.000000e+000  0.000000e+000  0.000000e+000  
0.000000e+000  0.000000e+000  0.000000e+000  0.000000e+000  0.000000e+000  0.000000e+000  0.000000e+000  0.000000e+000  0.000000e+000  0.000000e+000  0.000000e+000  0.000000e+000  0.000000e+000  0.000000e+000  0.000000e+000  0.000000e+000  0.000000e+000  0.000000e+000  0.000000e+000  0.000000e+000  0.000000e+000  0.000000e+000  0.000000e+000  
0.000000e+000  0.000000e+000  0.000000e+000  0.000000e+000  0.000000e+000  0.000000e+000  0.000000e+000  0.000000e+000  0.000000e+000  0.000000e+000  0.000000e+000  0.000000e+000  0.000000e+000  0.000000e+000  0.000000e+000  0.000000e+000  0.000000e+000  0.000000e+000  0.000000e+000  0.000000e+000  0.000000e+000  0.000000e+000  0.000000e+000  
0.000000e+000  0.000000e+000  0.000000e+000  0.000000e+000  0.000000e+000  0.000000e+000  0.000000e+000  0.000000e+000  0.000000e+000  0.000000e+000  0.000000e+000  0.000000e+000  0.000000e+000  0.000000e+000  0.000000e+000  0.000000e+000  0.000000e+000  0.000000e+000  0.000000e+000  0.000000e+000  0.000000e+000  0.000000e+000  0.000000e+000  
0.000000e+000  0.000000e+000  0.000000e+000  0.000000e+000  0.000000e+000  0.000000e+000  0.000000e+000  0.000000e+000  0.000000e+000  0.000000e+000  0.000000e+000  0.000000e+000  0.000000e+000  0.000000e+000  0.000000e+000  0.000000e+000  0.000000e+000  0.000000e+000  0.000000e+000  0.000000e+000  0.000000e+000  0.000000e+000  0.000000e+000  
0.000000e+000  0.000000e+000  0.000000e+000  0.000000e+000  0.000000e+000  0.000000e+000  0.000000e+000  0.000000e+000  0.000000e+000  0.000000e+000  0.000000e+000  0.000000e+000  0.000000e+000  0.000000e+000  0.000000e+000  0.000000e+000  0.000000e+000  0.000000e+000  0.000000e+000  0.000000e+000  0.000000e+000  0.000000e+000  0.000000e+000  
0.000000e+000  0.000000e+000  0.000000e+000  0.000000e+000  0.000000e+000  0.000000e+000  0.000000e+000  0.000000e+000  0.000000e+000  0.000000e+000  0.000000e+000  0.000000e+000  0.000000e+000  0.000000e+000  0.000000e+000  0.000000e+000  0.000000e+000  0.000000e+000  0.000000e+000  0.000000e+000  0.000000e+000  0.000000e+000  0.000000e+000  
0.000000e+000  0.000000e+000  0.000000e+000  0.000000e+000  0.000000e+000  0.000000e+000  0.000000e+000  0.000000e+000  0.000000e+000  0.000000e+000  0.000000e+000  0.000000e+000  0.000000e+000  0.000000e+000  0.000000e+000  0.000000e+000  0.000000e+000  0.000000e+000  0.000000e+000  0.000000e+000  0.000000e+000  0.000000e+000  0.000000e+000  
0.000000e+000  0.000000e+000  0.000000e+000  0.000000e+000  0.000000e+000  0.000000e+000  0.000000e+000  0.000000e+000  0.000000e+000  0.000000e+000  0.000000e+000  0.000000e+000  0.000000e+000  0.000000e+000  0.000000e+000  0.000000e+000  0.000000e+000  0.000000e+000  0.000000e+000  0.000000e+000  0.000000e+000  0.000000e+000  0.000000e+000  
0.000000e+000  0.000000e+000  0.000000e+000  0.000000e+000  0.000000e+000  0.000000e+000  0.000000e+000  0.000000e+000  0.000000e+000  0.000000e+000  0.000000e+000  0.000000e+000  0.000000e+000  0.000000e+000  0.000000e+000  0.000000e+000  0.000000e+000  0.000000e+000  0.000000e+000  0.000000e+000  0.000000e+000  0.000000e+000  0.000000e+000  
0.000000e+000  0.000000e+000  0.000000e+000  0.000000e+000  0.000000e+000  0.000000e+000  0.000000e+000  0.000000e+000  0.000000e+000  0.000000e+000  0.000000e+000  0.000000e+000  0.000000e+000  0.000000e+000  0.000000e+000  0.000000e+000  0.000000e+000  0.000000e+000  0.000000e+000  0.000000e+000  0.000000e+000  0.000000e+000  0.000000e+000  
0.000000e+000  0.000000e+000  0.000000e+000  0.000000e+000  0.000000e+000  0.000000e+000  0.000000e+000  0.000000e+000  0.000000e+000  0.000000e+000  0.000000e+000  0.000000e+000  0.000000e+000  0.000000e+000  0.000000e+000  0.000000e+000  0.000000e+000  0.000000e+000  0.000000e+000  0.000000e+000  0.000000e+000  0.000000e+000  0.000000e+000  
0.000000e+000  0.000000e+000  0.000000e+000  0.000000e+000  0.000000e+000  0.000000e+000  0.000000e+000  0.000000e+000  0.000000e+000  0.000000e+000  0.000000e+000  0.000000e+000  0.000000e+000  0.000000e+000  0.000000e+000  0.000000e+000  0.000000e+000  0.000000e+000  0.000000e+000  0.000000e+000  0.000000e+000  0.000000e+000  0.000000e+000  
0.000000e+000  0.000000e+000  0.000000e+000  0.000000e+000  0.000000e+000  0.000000e+000  0.000000e+000  0.000000e+000  0.000000e+000  0.000000e+000  0.000000e+000  0.000000e+000  0.000000e+000  0.000000e+000  0.000000e+000  0.000000e+000  0.000000e+000  0.000000e+000  0.000000e+000  0.000000e+000  0.000000e+000  0.000000e+000  0.000000e+000  
0.000000e+000  0.000000e+000  0.000000e+000  0.000000e+000  0.000000e+000  0.000000e+000  0.000000e+000  0.000000e+000  0.000000e+000  0.000000e+000  0.000000e+000  0.000000e+000  0.000000e+000  0.000000e+000  0.000000e+000  0.000000e+000  0.000000e+000  0.000000e+000  0.000000e+000  0.000000e+000  0.000000e+000  0.000000e+000  0.000000e+000  
0.000000e+000  0.000000e+000  0.000000e+000  0.000000e+000  0.000000e+000  0.000000e+000  0.000000e+000  0.000000e+000  0.000000e+000  0.000000e+000  0.000000e+000  0.000000e+000  0.000000e+000  0.000000e+000  0.000000e+000  0.000000e+000  0.000000e+000  0.000000e+000  0.000000e+000  0.000000e+000  0.000000e+000  0.000000e+000  0.000000e+000  
0.000000e+000  0.000000e+000  0.000000e+000  0.000000e+000  0.000000e+000  0.000000e+000  0.000000e+000  0.000000e+000  0.000000e+000  0.000000e+000  0.000000e+000  0.000000e+000  0.000000e+000  0.000000e+000  0.000000e+000  0.000000e+000  0.000000e+000  0.000000e+000  0.000000e+000  0.000000e+000  0.000000e+000  0.000000e+000  0.000000e+000  
0.000000e+000  0.000000e+000  0.000000e+000  0.000000e+000  0.000000e+000  0.000000e+000  0.000000e+000  0.000000e+000  0.000000e+000  0.000000e+000  0.000000e+000  0.000000e+000  0.000000e+000  0.000000e+000  0.000000e+000  0.000000e+000  0.000000e+000  0.000000e+000  0.000000e+000  0.000000e+000  0.000000e+000  0.000000e+000  0.000000e+000  
0.000000e+000  0.000000e+000  0.000000e+000  0.000000e+000  0.000000e+000  0.000000e+000  0.000000e+000  0.000000e+000  0.000000e+000  0.000000e+000  0.000000e+000  0.000000e+000  0.000000e+000  0.000000e+000  0.000000e+000  0.000000e+000  0.000000e+000  0.000000e+000  0.000000e+000  0.000000e+000  0.000000e+000  0.000000e+000  0.000000e+000  
0.000000e+000  0.000000e+000  0.000000e+000  0.000000e+000  0.000000e+000  0.000000e+000  0.000000e+000  0.000000e+000  0.000000e+000  0.000000e+000  0.000000e+000  0.000000e+000  0.000000e+000  0.000000e+000  0.000000e+000  0.000000e+000  0.000000e+000  0.000000e+000  0.000000e+000  0.000000e+000  0.000000e+000  0.000000e+000  0.000000e+000  

-5.175751e-001  -5.171929e-001  -5.164292e-001  -5.152857e-001  -5.137650e-001  -5.118704e-001  -5.096061e-001  -5.069772e-001  -5.031833e-001  -4.980452e-001  -4.924152e-001  -4.863422e-001  -4.798774e-001  -4.730736e-001  -4.659840e-001  -4.586621e-001  -4.474098e-001  -4.319979e-001  -4.142381e-001  -3.947807e-001  -3.592121e-001  -3.185026e-001  -0.000000e+000  
-5.694445e-001  -5.689409e-001  -5.679341e-001  -5.664247e-001  -5.644141e-001  -5.619040e-001  -5.588970e-001  -5.553968e-001  -5.497152e-001  -5.415443e-001  -5.326750e-001  -5.232090e-001  -5.132491e-001  -5.028972e-001  -4.922522e-001  -4.814084e-001  -4.649779e-001  -4.431253e-001  -4.186742e-001  -3.928682e-001  -3.472957e-001  -2.991604e-001  -0.000000e+000  
-6.553996e-001  -6.547706e-001  -6.535081e-001  -6.516037e-001  -6.490452e-001  -6.458177e-001  -6.419041e-001  -6.372869e-001  -6.278786e-001  -6.131412e-001  -5.973889e-001  -5.808646e-001  -5.638025e-001  -5.464215e-001  -5.289208e-001  -5.114773e-001  -4.856275e-001  -4.527795e-001  -4.176397e-001  -3.825723e-001  -3.237459e-001  -2.678777e-001  -0.000000e+000  
-7.489996e-001  -7.485062e-001  -7.474980e-001  -7.459335e-001  -7.437520e-001  -7.408769e-001  -7.372188e-001  -7.326794e-001  -7.183105e-001  -6.933147e-001  -6.670837e-001  -6.401357e-001  -6.129395e-001  -5.859002e-001  -5.593532e-001  -5.335642e-001  -4.963189e-001  -4.513537e-001  -4.055304e-001  -3.623743e-001  -2.936602e-001  -2.342037e-001  -0.000000e+000  
-8.233710e-001  -8.235542e-001  -8.238644e-001  -8.241906e-001  -8.243702e-001  -8.241942e-001  -8.234145e-001  -8.217536e-001  -8.022956e-001  -7.640733e-001  -7.247814e-001  -6.853761e-001  -6.466455e-001  -6.091920e-001  -5.734412e-001  -5.396653e-001  -4.921855e-001  -4.376867e-001  -3.845799e-001  -3.369837e-001  -2.643939e-001  -2.055909e-001  -0.000000e+000  
-8.706992e-001  -8.718485e-001  -8.740537e-001  -8.771287e-001  -8.807960e-001  -8.846916e-001  -8.883738e-001  -8.913381e-001  -8.677051e-001  -8.164909e-001  -7.647686e-001  -7.139802e-001  -6.651927e-001  -6.191091e-001  -5.761263e-001  -5.364087e-001  -4.817312e-001  -4.212482e-001  -3.641394e-001  -3.146516e-001  -2.413448e-001  -1.844430e-001  -0.000000e+000  
-9.068433e-001  -9.098103e-001  -9.156094e-001  -9.239633e-001  -9.344395e-001  -9.464376e-001  -9.591857e-001  -9.717549e-001  -9.429216e-001  -8.720015e-001  -8.022718e-001  -7.359566e-001  -6.743644e-001  -6.180751e-001  -5.671767e-001  -5.214636e-001  -4.601320e-001  -3.950950e-001  -3.357440e-001  -2.860587e-001  -2.145828e-001  -1.613006e-001  -0.000000e+000  
-9.131792e-001  -9.184269e-001  -9.288085e-001  -9.440654e-001  -9.637348e-001  -9.870673e-001  -1.012940e+000  -1.039815e+000  -1.005754e+000  -9.111496e-001  -8.214998e-001  -7.397428e-001  -6.668343e-001  -6.025871e-001  -5.462911e-001  -4.970655e-001  -4.325125e-001  -3.663454e-001  -3.074966e-001  -2.594340e-001  -1.916971e-001  -1.425399e-001  -0.000000e+000  
-9.052991e-001  -9.123258e-001  -9.263488e-001  -9.472584e-001  -9.747598e-001  -1.008199e+000  -1.046322e+000  -1.087046e+000  -1.048497e+000  -9.328690e-001  -8.271066e-001  -7.341143e-001  -6.538127e-001  -5.849128e-001  -5.258363e-001  -4.750891e-001  -4.095211e-001  -3.437410e-001  -2.861788e-001  -2.398965e-001  -1.755190e-001  -1.295912e-001  -0.000000e+000  
-8.833275e-001  -8.920430e-001  -9.096210e-001  -9.363087e-001  -9.723285e-001  -1.017608e+000  -1.071264e+000  -1.130791e+000  -1.086329e+000  -9.444525e-001  -8.213938e-001  -7.181671e-001  -6.322013e-001  -5.603989e-001  -5.000612e-001  -4.490324e-001  -3.839287e-001  -3.197646e-001  -2.643670e-001  -2.204009e-001  -1.599155e-001  -1.173743e-001  -0.000000e+000  
-8.496934e-001  -8.597086e-001  -8.801199e-001  -9.116928e-001  -9.555412e-001  -1.012926e+000  -1.084564e+000  -1.168755e+000  -1.115947e+000  -9.428875e-001  -8.034602e-001  -6.926137e-001  -6.035181e-001  -5.308316e-001  -4.707451e-001  -4.205481e-001  -3.571341e-001  -2.955023e-001  -2.428647e-001  -2.015340e-001  -1.451950e-001  -1.060394e-001  -0.000000e+000  
-8.003095e-001  -8.110275e-001  -8.330742e-001  -8.677879e-001  -9.174884e-001  -9.858557e-001  -1.078119e+000  -1.199174e+000  -1.131802e+000  -9.195740e-001  -7.670451e-001  -6.530161e-001  -5.642604e-001  -4.931619e-001  -4.350834e-001  -3.869925e-001  -3.266845e-001  -2.687206e-001  -2.196675e-001  -1.815117e-001  -1.299286e-001  -9.446110e-002  -0.000000e+000  
-7.340833e-001  -7.445489e-001  -7.661370e-001  -8.003626e-001  -8.501593e-001  -9.213307e-001  -1.026558e+000  -1.197483e+000  -1.106081e+000  -8.574625e-001  -7.056538e-001  -5.970610e-001  -5.136024e-001  -4.471055e-001  -3.930028e-001  -3.483802e-001  -2.926493e-001  -2.395031e-001  -1.948542e-001  -1.604006e-001  -1.141577e-001  -8.266189e-002  -0.000000e+000  
-6.500767e-001  -6.592411e-001  -6.779554e-001  -7.070225e-001  -7.476962e-001  -8.015728e-001  -8.697180e-001  -9.484556e-001  -8.727542e-001  -7.302427e-001  -6.147360e-001  -5.236538e-001  -4.509865e-001  -3.921833e-001  -3.440430e-001  -3.042700e-001  -2.546232e-001  -2.074931e-001  -1.681154e-001  -1.379303e-001  -9.766813e-002  -7.047172e-002  -0.000000e+000  
-5.493839e-001  -5.565830e-001  -5.710382e-001  -5.927727e-001  -6.215138e-001  -6.560381e-001  -6.926236e-001  -7.216749e-001  -6.497637e-001  -5.823716e-001  -5.055129e-001  -4.363842e-001  -3.778321e-001  -3.290605e-001  -2.885644e-001  -2.548868e-001  -2.127380e-001  -1.727813e-001  -1.395191e-001  -1.141530e-001  -8.048976e-002  -5.790595e-002  -0.000000e+000  
-3.802550e-001  -3.843623e-001  -3.923682e-001  -4.037809e-001  -4.176738e-001  -4.324621e-001  -4.456720e-001  -4.539435e-001  -3.949966e-001  -3.706998e-001  -3.338043e-001  -2.946015e-001  -2.580305e-001  -2.258598e-001  -1.983366e-001  -1.750845e-001  -1.457525e-001  -1.178983e-001  -9.479043e-002  -7.727726e-002  -5.418555e-002  -3.883151e-002  -0.000000e+000  
-4.591340e-011  -3.552176e-011  -6.041416e-011  -0.000000e+000  -0.000000e+000  -9.016278e-011  -2.726957e-011  -2.703186e-011  -0.000000e+000  -0.000000e+000  -0.000000e+000  -0.000000e+000  -0.000000e+000  -0.000000e+000  -0.000000e+000  -0.000000e+000  -0.000000e+000  -0.000000e+000  -0.000000e+000  -0.000000e+000  -0.000000e+000  -0.000000e+000  -0.000000e+000  
3.802550e-001  3.843623e-001  3.923682e-001  4.037809e-001  4.176738e-001  4.324621e-001  4.456720e-001  4.539435e-001  3.949966e-001  3.706998e-001  3.338043e-001  2.946015e-001  2.580305e-001  2.258598e-001  1.983366e-001  1.750845e-001  1.457525e-001  1.178983e-001  9.479043e-002  7.727726e-002  5.418555e-002  3.883151e-002  -0.000000e+000  
5.493839e-001  5.565830e-001  5.710382e-001  5.927727e-001  6.215138e-001  6.560381e-001  6.926236e-001  7.216749e-001  6.497637e-001  5.823716e-001  5.055129e-001  4.363842e-001  3.778321e-001  3.290605e-001  2.885644e-001  2.548868e-001  2.127380e-001  1.727813e-001  1.395191e-001  1.141530e-001  8.048976e-002  5.790595e-002  -0.000000e+000  
6.500767e-001  6.592411e-001  6.779554e-001  7.070225e-001  7.476962e-001  8.015728e-001  8.697180e-001  9.484556e-001  8.727542e-001  7.302427e-001  6.147360e-001  5.236538e-001  4.509865e-001  3.921833e-001  3.440430e-001  3.042700e-001  2.546232e-001  2.074931e-001  1.681154e-001  1.379303e-001  9.766813e-002  7.047172e-002  -0.000000e+000  
7.340833e-001  7.445489e-001  7.661370e-001  8.003626e-001  8.501593e-001  9.213307e-001  1.026558e+000  1.197483e+000  1.106081e+000  8.574625e-001  7.056538e-001  5.970610e-001  5.136024e-001  4.471055e-001  3.930028e-001  3.483802e-001  2.926493e-001  2.395031e-001  1.948542e-001  1.604006e-001  1.141577e-001  8.266189e-002  -0.000000e+000  
8.003095e-001  8.110275e-001  8.330742e-001  8.677879e-001  9.174884e-001  9.858557e-001  1.078119e+000  1.199174e+000  1.131802e+000  9.195740e-001  7.670451e-001  6.530161e-001  5.642604e-001  4.931619e-001  4.350834e-001  3.869925e-001  3.266845e-001  2.687206e-001  2.196675e-001  1.815117e-001  1.299286e-001  9.446110e-002  -0.000000e+000  
8.496934e-001  8.597086e-001  8.801199e-001  9.116928e-001  9.555412e-001  1.012926e+000  1.084564e+000  1.168755e+000  1.115947e+000  9.428875e-001  8.034602e-001  6.926137e-001  6.035181e-001  5.308316e-001  4.707451e-001  4.205481e-001  3.571341e-001  2.955023e-001  2.428647e-001  2.015340e-001  1.451950e-001  1.060394e-001  -0.000000e+000  
8.833275e-001  8.920430e-001  9.096210e-001  9.363087e-001  9.723285e-001  1.017608e+000  1.071264e+000  1.130791e+000  1.086329e+000  9.444525e-001  8.213938e-001  7.181671e-001  6.322013e-001  5.603989e-001  5.000612e-001  4.490324e-001  3.839287e-001  3.197646e-001  2.643670e-001  2.204009e-001  1.599155e-001  1.173743e-001  -0.000000e+000  
9.052991e-001  9.123258e-001  9.263488e-001  9.472584e-001  9.747598e-001  1.008199e+000  1.046322e+000  1.087046e+000  1.048497e+000  9.328690e-001  8.271066e-001  7.341143e-001  6.538127e-001  5.849128e-001  5.258363e-001  4.750891e-001  4.095211e-001  3.437410e-001  2.861788e-001  2.398965e-001  1.755190e-001  1.295912e-001  -0.000000e+000  
9.131792e-001  9.184269e-001  9.288085e-001  9.440654e-001  9.637348e-001  9.870673e-001  1.012940e+000  1.039815e+000  1.005754e+000  9.111496e-001  8.214998e-001  7.397428e-001  6.668343e-001  6.025871e-001  5.462911e-001  4.970655e-001  4.325125e-001  3.663454e-001  3.074966e-001  2.594340e-001  1.916971e-001  1.425399e-001  -0.000000e+000  
9.068433e-001  9.098103e-001  9.156094e-001  9.239633e-001  9.344395e-001  9.464376e-001  9.591857e-001  9.717549e-001  9.429216e-001  8.720015e-001  8.022718e-001  7.359566e-001  6.743644e-001  6.180751e-001  5.671767e-001  5.214636e-001  4.601320e-001  3.950950e-001  3.357440e-001  2.860587e-001  2.145828e-001  1.613006e-001  -0.000000e+000  
8.706992e-001  8.718485e-001  8.740537e-001  8.771287e-001  8.807960e-001  8.846916e-001  8.883738e-001  8.913381e-001  8.677051e-001  8.164909e-001  7.647686e-001  7.139802e-001  6.651927e-001  6.191091e-001  5.761263e-001  5.364087e-001  4.817312e-001  4.212482e-001  3.641394e-001  3.146516e-001  2.413448e-001  1.844430e-001  -0.000000e+000  
8.233710e-001  8.235542e-001  8.238644e-001  8.241906e-001  8.243702e-001  8.241942e-001  8.234145e-001  8.217536e-001  8.022956e-001  7.640733e-001  7.247814e-001  6.853761e-001  6.466455e-001  6.091920e-001  5.734412e-001  5.396653e-001  4.921855e-001  4.376867e-001  3.845799e-001  3.369837e-001  2.643939e-001  2.055909e-001  -0.000000e+000  
7.489996e-001  7.485062e-001  7.474980e-001  7.459335e-001  7.437520e-001  7.408769e-001  7.372188e-001  7.326794e-001  7.183105e-001  6.933147e-001  6.670837e-001  6.401357e-001  6.129395e-001  5.859002e-001  5.593532e-001  5.335642e-001  4.963189e-001  4.513537e-001  4.055304e-001  3.623743e-001  2.936602e-001  2.342037e-001  -0.000000e+000  
6.553996e-001  6.547706e-001  6.535081e-001  6.516037e-001  6.490452e-001  6.458177e-001  6.419041e-001  6.372869e-001  6.278786e-001  6.131412e-001  5.973889e-001  5.808646e-001  5.638025e-001  5.464215e-001  5.289208e-001  5.114773e-001  4.856275e-001  4.527795e-001  4.176397e-001  3.825723e-001  3.237459e-001  2.678777e-001  -0.000000e+000  
5.694445e-001  5.689409e-001  5.679341e-001  5.664247e-001  5.644141e-001  5.619040e-001  5.588970e-001  5.553968e-001  5.497152e-001  5.415443e-001  5.326750e-001  5.232090e-001  5.132491e-001  5.028972e-001  4.922522e-001  4.814084e-001  4.649779e-001  4.431253e-001  4.186742e-001  3.928682e-001  3.472957e-001  2.991604e-001  -0.000000e+000  
5.175751e-001  5.171929e-001  5.164292e-001  5.152857e-001  5.137650e-001  5.118704e-001  5.096061e-001  5.069772e-001  5.031833e-001  4.980452e-001  4.924152e-001  4.863422e-001  4.798774e-001  4.730736e-001  4.659840e-001  4.586621e-001  4.474098e-001  4.319979e-001  4.142381e-001  3.947807e-001  3.592121e-001  3.185026e-001  -0.000000e+000  
-0.000000e+000  -0.000000e+000  -0.000000e+000  -0.000000e+000  -0.000000e+000  -0.000000e+000  -0.000000e+000  -0.000000e+000  -0.000000e+000  -0.000000e+000  -0.000000e+000  -0.000000e+000  -0.000000e+000  -0.000000e+000  -0.000000e+000  -0.000000e+000  -0.000000e+000  -0.000000e+000  -0.000000e+000  -0.000000e+000  -0.000000e+000  -0.000000e+000  -0.000000e+000  

