Port monitor named: Port1_e1[2].prt

nx        = 36
ny        = 4
nz        = 25

nu        = 23
nv        = 34
iu        = 2
iv        = 2

idir      = 1
dcut      = -2.940000e-002
icut      = 2
type      = 0
frequency = 2.000000e+009

fcutoff   = 0.000000e+000
alpha     = 0.000000e+000
beta      = 7.651307e+001
accuracy  = 1.358232e-011

type          = QTEM
wave imp.     = 2.483069e+002
wave imp.sig. = 7.647742e-009
line imp.     = 4.809214e+001

ref. port     = 0

-0.000000e+000  -0.000000e+000  -0.000000e+000  -0.000000e+000  -0.000000e+000  -0.000000e+000  -0.000000e+000  -0.000000e+000  -0.000000e+000  -0.000000e+000  -0.000000e+000  -0.000000e+000  -0.000000e+000  -0.000000e+000  -0.000000e+000  -0.000000e+000  -0.000000e+000  -0.000000e+000  -0.000000e+000  -0.000000e+000  -0.000000e+000  -0.000000e+000  -0.000000e+000  
-2.206671e+001  -2.191321e+001  -2.160912e+001  -2.116016e+001  -2.057470e+001  -1.986355e+001  -1.903960e+001  -1.811747e+001  -7.702954e+001  -7.477353e+001  -7.188931e+001  -6.846185e+001  -6.458174e+001  -6.034140e+001  -5.583176e+001  -5.113953e+001  -4.394796e+001  -3.438647e+001  -2.391894e+001  -1.342742e+001  3.904402e+000  1.806000e+001  -0.000000e+000  
-6.000267e+001  -5.935117e+001  -5.806425e+001  -5.617354e+001  -5.372521e+001  -5.077840e+001  -4.740335e+001  -4.367905e+001  -1.810371e+002  -1.728206e+002  -1.629153e+002  -1.516981e+002  -1.395400e+002  -1.267898e+002  -1.137622e+002  -1.007304e+002  -8.151922e+001  -5.790427e+001  -3.397135e+001  -1.225308e+001  2.026104e+001  4.162740e+001  -0.000000e+000  
-1.315550e+002  -1.294403e+002  -1.252727e+002  -1.191739e+002  -1.113215e+002  -1.019428e+002  -9.130714e+001  -7.971614e+001  -3.156588e+002  -2.926375e+002  -2.667370e+002  -2.391403e+002  -2.108980e+002  -1.828866e+002  -1.557934e+002  -1.301210e+002  -9.424812e+001  -5.461855e+001  -1.844762e+001  1.023700e+001  4.745327e+001  6.519004e+001  -0.000000e+000  
-2.755232e+002  -2.696956e+002  -2.582211e+002  -2.414587e+002  -2.199378e+002  -1.943454e+002  -1.655054e+002  -1.343491e+002  -4.965980e+002  -4.400862e+002  -3.808172e+002  -3.218173e+002  -2.654016e+002  -2.131433e+002  -1.659505e+002  -1.241974e+002  -6.970177e+001  -1.705838e+001  2.496999e+001  5.284388e+001  8.173553e+001  8.770555e+001  -0.000000e+000  
-4.272673e+002  -4.171039e+002  -3.970598e+002  -3.677110e+002  -3.299412e+002  -2.849512e+002  -2.342488e+002  -1.796062e+002  -6.244724e+002  -5.306493e+002  -4.371678e+002  -3.490265e+002  -2.693547e+002  -1.996354e+002  -1.401361e+002  -9.034615e+001  -2.882098e+001  2.483162e+001  6.342220e+001  8.537916e+001  1.028782e+002  9.952339e+001  -0.000000e+000  
-6.717828e+002  -6.547002e+002  -6.208270e+002  -5.708202e+002  -5.058319e+002  -4.276674e+002  -3.389106e+002  -2.429406e+002  -7.773466e+002  -6.206997e+002  -4.737110e+002  -3.443055e+002  -2.355743e+002  -1.472653e+002  -7.732600e+001  -2.301252e+001  3.920500e+001  8.602071e+001  1.142436e+002  1.254029e+002  1.261080e+002  1.113547e+002  -0.000000e+000  
-1.070900e+003  -1.044266e+003  -9.906377e+002  -9.095586e+002  -8.010153e+002  -6.662625e+002  -5.088120e+002  -3.352322e+002  -9.436182e+002  -6.745701e+002  -4.437675e+002  -2.612279e+002  -1.243191e+002  -2.517288e+001  4.481170e+001  9.306892e+001  1.415710e+002  1.684193e+002  1.767912e+002  1.715879e+002  1.503550e+002  1.227239e+002  -0.000000e+000  
-1.361121e+003  -1.330946e+003  -1.269017e+003  -1.172467e+003  -1.037890e+003  -8.628868e+002  -6.487038e+002  -4.037046e+002  -1.013805e+003  -6.472371e+002  -3.600854e+002  -1.546373e+002  -1.480567e+001  7.752577e+001  1.369499e+002  1.739120e+002  2.063430e+002  2.167036e+002  2.112610e+002  1.959725e+002  1.623518e+002  1.280600e+002  -0.000000e+000  
-1.719794e+003  -1.689675e+003  -1.625985e+003  -1.521733e+003  -1.366609e+003  -1.148546e+003  -8.586302e+002  -5.018019e+002  -1.053567e+003  -5.444987e+002  -1.987118e+002  1.439795e+001  1.399481e+002  2.115989e+002  2.505353e+002  2.694332e+002  2.790220e+002  2.686626e+002  2.470951e+002  2.207006e+002  1.740547e+002  1.330987e+002  -0.000000e+000  
-2.068663e+003  -2.044544e+003  -1.991457e+003  -1.898615e+003  -1.747294e+003  -1.508956e+003  -1.147813e+003  -6.402703e+002  -1.019072e+003  -3.417238e+002  3.065855e+001  2.176232e+002  3.070905e+002  3.463423e+002  3.591698e+002  3.576716e+002  3.434904e+002  3.132998e+002  2.770677e+002  2.409818e+002  1.833570e+002  1.369985e+002  -0.000000e+000  
-2.454969e+003  -2.444435e+003  -2.418806e+003  -2.366646e+003  -2.263735e+003  -2.061069e+003  -1.665608e+003  -9.336714e+002  -8.144411e+002  6.036216e+001  3.812701e+002  4.846518e+002  5.071445e+002  4.984516e+002  4.772629e+002  4.512036e+002  4.098909e+002  3.582305e+002  3.066395e+002  2.606882e+002  1.921703e+002  1.406131e+002  -0.000000e+000  
-2.857444e+003  -2.867618e+003  -2.887324e+003  -2.913692e+003  -2.935773e+003  -2.914177e+003  -2.708949e+003  -1.817773e+003  -6.000516e+001  8.246221e+002  8.742063e+002  8.046930e+002  7.277186e+002  6.588589e+002  5.986629e+002  5.458204e+002  4.758369e+002  4.021392e+002  3.350934e+002  2.794103e+002  2.003612e+002  1.439075e+002  -0.000000e+000  
-3.243682e+003  -3.275565e+003  -3.345087e+003  -3.467091e+003  -3.675707e+003  -4.053863e+003  -4.823763e+003  -6.643757e+003  4.263942e+003  2.135077e+003  1.445237e+003  1.129819e+003  9.431734e+002  8.137703e+002  7.154081e+002  6.365317e+002  5.386987e+002  4.436310e+002  3.616887e+002  2.967337e+002  2.077995e+002  1.468487e+002  -0.000000e+000  
-3.589774e+003  -3.634629e+003  -3.731244e+003  -3.896016e+003  -4.161247e+003  -4.587803e+003  -5.285107e+003  -6.419334e+003  3.919506e+003  2.501449e+003  1.778325e+003  1.377455e+003  1.126601e+003  9.526305e+002  8.227647e+002  7.209891e+002  5.976770e+002  4.824997e+002  3.864361e+002  3.127289e+002  2.145604e+002  1.494828e+002  -0.000000e+000  
-3.860705e+003  -3.907026e+003  -4.003410e+003  -4.157137e+003  -4.377570e+003  -4.670231e+003  -5.018091e+003  -5.331208e+003  2.924512e+003  2.384178e+003  1.887309e+003  1.520916e+003  1.256755e+003  1.061012e+003  9.107688e+002  7.920061e+002  6.482393e+002  5.159817e+002  4.076937e+002  3.263940e+002  2.202645e+002  1.516785e+002  -0.000000e+000  
-4.169651e+003  -4.200195e+003  -4.259706e+003  -4.344495e+003  -4.447668e+003  -4.557505e+003  -4.655734e+003  -4.717410e+003  2.210983e+003  2.060710e+003  1.834024e+003  1.595335e+003  1.375038e+003  1.183516e+003  1.021702e+003  8.867711e+002  7.188296e+002  5.634403e+002  4.378320e+002  3.456581e+002  2.281812e+002  1.546785e+002  -0.000000e+000  
-4.169651e+003  -4.200195e+003  -4.259706e+003  -4.344495e+003  -4.447668e+003  -4.557505e+003  -4.655734e+003  -4.717410e+003  2.210983e+003  2.060710e+003  1.834024e+003  1.595335e+003  1.375038e+003  1.183516e+003  1.021702e+003  8.867711e+002  7.188296e+002  5.634403e+002  4.378320e+002  3.456581e+002  2.281812e+002  1.546785e+002  -0.000000e+000  
-3.860705e+003  -3.907026e+003  -4.003410e+003  -4.157137e+003  -4.377570e+003  -4.670231e+003  -5.018091e+003  -5.331208e+003  2.924512e+003  2.384178e+003  1.887309e+003  1.520916e+003  1.256755e+003  1.061012e+003  9.107688e+002  7.920061e+002  6.482393e+002  5.159817e+002  4.076937e+002  3.263940e+002  2.202645e+002  1.516785e+002  -0.000000e+000  
-3.589774e+003  -3.634629e+003  -3.731244e+003  -3.896016e+003  -4.161247e+003  -4.587803e+003  -5.285107e+003  -6.419334e+003  3.919506e+003  2.501449e+003  1.778325e+003  1.377455e+003  1.126601e+003  9.526305e+002  8.227647e+002  7.209891e+002  5.976770e+002  4.824997e+002  3.864361e+002  3.127289e+002  2.145604e+002  1.494828e+002  -0.000000e+000  
-3.243682e+003  -3.275565e+003  -3.345087e+003  -3.467091e+003  -3.675707e+003  -4.053863e+003  -4.823763e+003  -6.643757e+003  4.263942e+003  2.135077e+003  1.445237e+003  1.129819e+003  9.431734e+002  8.137703e+002  7.154081e+002  6.365317e+002  5.386987e+002  4.436310e+002  3.616887e+002  2.967337e+002  2.077995e+002  1.468487e+002  -0.000000e+000  
-2.857444e+003  -2.867618e+003  -2.887324e+003  -2.913692e+003  -2.935773e+003  -2.914177e+003  -2.708949e+003  -1.817773e+003  -6.000516e+001  8.246221e+002  8.742063e+002  8.046930e+002  7.277186e+002  6.588589e+002  5.986629e+002  5.458204e+002  4.758369e+002  4.021392e+002  3.350934e+002  2.794103e+002  2.003612e+002  1.439075e+002  -0.000000e+000  
-2.454969e+003  -2.444435e+003  -2.418806e+003  -2.366646e+003  -2.263735e+003  -2.061069e+003  -1.665608e+003  -9.336714e+002  -8.144411e+002  6.036216e+001  3.812701e+002  4.846518e+002  5.071445e+002  4.984516e+002  4.772629e+002  4.512036e+002  4.098909e+002  3.582305e+002  3.066395e+002  2.606882e+002  1.921703e+002  1.406131e+002  -0.000000e+000  
-2.068663e+003  -2.044544e+003  -1.991457e+003  -1.898615e+003  -1.747294e+003  -1.508956e+003  -1.147813e+003  -6.402703e+002  -1.019072e+003  -3.417238e+002  3.065855e+001  2.176232e+002  3.070905e+002  3.463423e+002  3.591698e+002  3.576716e+002  3.434904e+002  3.132998e+002  2.770677e+002  2.409818e+002  1.833570e+002  1.369985e+002  -0.000000e+000  
-1.719794e+003  -1.689675e+003  -1.625985e+003  -1.521733e+003  -1.366609e+003  -1.148546e+003  -8.586302e+002  -5.018019e+002  -1.053567e+003  -5.444987e+002  -1.987118e+002  1.439795e+001  1.399481e+002  2.115989e+002  2.505353e+002  2.694332e+002  2.790220e+002  2.686626e+002  2.470951e+002  2.207006e+002  1.740547e+002  1.330987e+002  -0.000000e+000  
-1.361121e+003  -1.330946e+003  -1.269017e+003  -1.172467e+003  -1.037890e+003  -8.628868e+002  -6.487038e+002  -4.037046e+002  -1.013805e+003  -6.472371e+002  -3.600854e+002  -1.546373e+002  -1.480567e+001  7.752577e+001  1.369499e+002  1.739120e+002  2.063430e+002  2.167036e+002  2.112610e+002  1.959725e+002  1.623518e+002  1.280600e+002  -0.000000e+000  
-1.070900e+003  -1.044266e+003  -9.906377e+002  -9.095586e+002  -8.010153e+002  -6.662625e+002  -5.088120e+002  -3.352322e+002  -9.436182e+002  -6.745701e+002  -4.437675e+002  -2.612279e+002  -1.243191e+002  -2.517288e+001  4.481170e+001  9.306892e+001  1.415710e+002  1.684193e+002  1.767912e+002  1.715879e+002  1.503550e+002  1.227239e+002  -0.000000e+000  
-6.717828e+002  -6.547002e+002  -6.208270e+002  -5.708202e+002  -5.058319e+002  -4.276674e+002  -3.389106e+002  -2.429406e+002  -7.773466e+002  -6.206997e+002  -4.737110e+002  -3.443055e+002  -2.355743e+002  -1.472653e+002  -7.732600e+001  -2.301252e+001  3.920500e+001  8.602071e+001  1.142436e+002  1.254029e+002  1.261080e+002  1.113547e+002  -0.000000e+000  
-4.272673e+002  -4.171039e+002  -3.970598e+002  -3.677110e+002  -3.299412e+002  -2.849512e+002  -2.342488e+002  -1.796062e+002  -6.244724e+002  -5.306493e+002  -4.371678e+002  -3.490265e+002  -2.693547e+002  -1.996354e+002  -1.401361e+002  -9.034615e+001  -2.882098e+001  2.483162e+001  6.342220e+001  8.537916e+001  1.028782e+002  9.952339e+001  -0.000000e+000  
-2.755232e+002  -2.696956e+002  -2.582211e+002  -2.414587e+002  -2.199378e+002  -1.943454e+002  -1.655054e+002  -1.343491e+002  -4.965980e+002  -4.400862e+002  -3.808172e+002  -3.218173e+002  -2.654016e+002  -2.131433e+002  -1.659505e+002  -1.241974e+002  -6.970177e+001  -1.705838e+001  2.496999e+001  5.284388e+001  8.173553e+001  8.770555e+001  -0.000000e+000  
-1.315550e+002  -1.294403e+002  -1.252727e+002  -1.191739e+002  -1.113215e+002  -1.019428e+002  -9.130714e+001  -7.971614e+001  -3.156588e+002  -2.926375e+002  -2.667370e+002  -2.391403e+002  -2.108980e+002  -1.828866e+002  -1.557934e+002  -1.301210e+002  -9.424812e+001  -5.461855e+001  -1.844762e+001  1.023700e+001  4.745327e+001  6.519004e+001  -0.000000e+000  
-6.000267e+001  -5.935117e+001  -5.806425e+001  -5.617354e+001  -5.372521e+001  -5.077840e+001  -4.740335e+001  -4.367905e+001  -1.810371e+002  -1.728206e+002  -1.629153e+002  -1.516981e+002  -1.395400e+002  -1.267898e+002  -1.137622e+002  -1.007304e+002  -8.151922e+001  -5.790427e+001  -3.397135e+001  -1.225308e+001  2.026104e+001  4.162740e+001  -0.000000e+000  
-2.206671e+001  -2.191321e+001  -2.160912e+001  -2.116016e+001  -2.057470e+001  -1.986355e+001  -1.903960e+001  -1.811747e+001  -7.702954e+001  -7.477353e+001  -7.188931e+001  -6.846185e+001  -6.458174e+001  -6.034140e+001  -5.583176e+001  -5.113953e+001  -4.394796e+001  -3.438647e+001  -2.391894e+001  -1.342742e+001  3.904402e+000  1.806000e+001  -0.000000e+000  
-0.000000e+000  -0.000000e+000  -0.000000e+000  -0.000000e+000  -0.000000e+000  -0.000000e+000  -0.000000e+000  -0.000000e+000  -0.000000e+000  -0.000000e+000  -0.000000e+000  -0.000000e+000  -0.000000e+000  -0.000000e+000  -0.000000e+000  -0.000000e+000  -0.000000e+000  -0.000000e+000  -0.000000e+000  -0.000000e+000  -0.000000e+000  -0.000000e+000  -0.000000e+000  

-0.000000e+000  -8.706378e-002  -1.633584e-001  -2.183387e-001  -2.419010e-001  -2.245873e-001  -1.577712e-001  -3.381905e-002  1.537770e-001  -6.680344e+000  -1.326744e+001  -1.953416e+001  -2.541712e+001  -3.086365e+001  -3.583196e+001  -4.029096e+001  -4.421976e+001  -5.045242e+001  -5.452909e+001  -5.677295e+001  -5.597192e+001  -3.914607e+001  -0.000000e+000  
-0.000000e+000  -1.715606e+000  -3.386671e+000  -4.969876e+000  -6.424296e+000  -7.712506e+000  -8.801550e+000  -9.663780e+000  -1.027749e+001  -2.248718e+001  -3.388324e+001  -4.431720e+001  -5.368191e+001  -6.190986e+001  -6.896978e+001  -7.486192e+001  -7.961280e+001  -8.583265e+001  -8.824106e+001  -8.666814e+001  -8.124067e+001  -5.070187e+001  -0.000000e+000  
-0.000000e+000  -7.384162e+000  -1.457698e+001  -2.139316e+001  -2.765935e+001  -3.321958e+001  -3.794018e+001  -4.171380e+001  -4.446259e+001  -6.889411e+001  -9.037363e+001  -1.086630e+002  -1.236875e+002  -1.355099e+002  -1.443001e+002  -1.503028e+002  -1.538088e+002  -1.542667e+002  -1.485032e+002  -1.349497e+002  -1.181399e+002  -6.417855e+001  -0.000000e+000  
-0.000000e+000  -2.142221e+001  -4.223248e+001  -6.183865e+001  -7.968781e+001  -9.528543e+001  -1.082132e+002  -1.181445e+002  -1.248575e+002  -1.675667e+002  -2.018437e+002  -2.277256e+002  -2.457179e+002  -2.566469e+002  -2.615146e+002  -2.613781e+002  -2.572600e+002  -2.398742e+002  -2.162794e+002  -1.822780e+002  -1.493634e+002  -7.229266e+001  -0.000000e+000  
-0.000000e+000  -4.754469e+001  -9.365600e+001  -1.369344e+002  -1.760525e+002  -2.098005e+002  -2.371389e+002  -2.572552e+002  -2.696155e+002  -3.310228e+002  -3.735563e+002  -3.988042e+002  -4.093578e+002  -4.082201e+002  -3.983454e+002  -3.823584e+002  -3.624307e+002  -3.158570e+002  -2.687844e+002  -2.127974e+002  -1.652784e+002  -7.382794e+001  -0.000000e+000  
-0.000000e+000  -7.805231e+001  -1.538145e+002  -2.249998e+002  -2.893487e+002  -3.446914e+002  -3.890591e+002  -4.208398e+002  -4.389540e+002  -5.128131e+002  -5.548288e+002  -5.697630e+002  -5.638655e+002  -5.433612e+002  -5.135853e+002  -4.786861e+002  -4.416700e+002  -3.674643e+002  -3.008343e+002  -2.286685e+002  -1.714812e+002  -7.281766e+001  -0.000000e+000  
-0.000000e+000  -1.294036e+002  -2.556325e+002  -3.752964e+002  -4.846365e+002  -5.795093e+002  -6.555908e+002  -7.088669e+002  -7.363834e+002  -8.169614e+002  -8.403021e+002  -8.210450e+002  -7.748907e+002  -7.146018e+002  -6.490356e+002  -5.836948e+002  -5.216798e+002  -4.123017e+002  -3.240174e+002  -2.363911e+002  -1.712036e+002  -6.933115e+001  -0.000000e+000  
-0.000000e+000  -1.894750e+002  -3.765864e+002  -5.581632e+002  -7.294377e+002  -8.833951e+002  -1.010601e+003  -1.100122e+003  -1.142222e+003  -1.209225e+003  -1.176771e+003  -1.087019e+003  -9.741934e+002  -8.587292e+002  -7.505612e+002  -6.534884e+002  -5.682290e+002  -4.312737e+002  -3.287515e+002  -2.329652e+002  -1.646718e+002  -6.462614e+001  -0.000000e+000  
-0.000000e+000  -2.348703e+002  -4.697554e+002  -7.034287e+002  -9.319311e+002  -1.146728e+003  -1.332880e+003  -1.468715e+003  -1.530300e+003  -1.565923e+003  -1.456101e+003  -1.286718e+003  -1.109939e+003  -9.481846e+002  -8.079563e+002  -6.890084e+002  -5.888170e+002  -4.358829e+002  -3.260511e+002  -2.268987e+002  -1.579378e+002  -6.076788e+001  -0.000000e+000  
-0.000000e+000  -2.763048e+002  -5.573829e+002  -8.468875e+002  -1.145436e+003  -1.446913e+003  -1.732027e+003  -1.959990e+003  -2.067193e+003  -2.019229e+003  -1.763846e+003  -1.476173e+003  -1.221338e+003  -1.011546e+003  -8.421732e+002  -7.053834e+002  -5.940666e+002  -4.308615e+002  -3.173335e+002  -2.175448e+002  -1.494945e+002  -5.658063e+001  -0.000000e+000  
-0.000000e+000  -3.063618e+002  -6.235588e+002  -9.626588e+002  -1.334204e+003  -1.744339e+003  -2.182830e+003  -2.593640e+003  -2.824670e+003  -2.566154e+003  -2.064291e+003  -1.626767e+003  -1.293151e+003  -1.042798e+003  -8.520921e+002  -7.037480e+002  -5.860237e+002  -4.183012e+002  -3.042840e+002  -2.060578e+002  -1.400967e+002  -5.230148e+001  -0.000000e+000  
-0.000000e+000  -3.194521e+002  -6.554371e+002  -1.027620e+003  -1.462516e+003  -1.997249e+003  -2.676622e+003  -3.507890e+003  -4.211385e+003  -3.272847e+003  -2.323197e+003  -1.709838e+003  -1.310854e+003  -1.035315e+003  -8.345318e+002  -6.822722e+002  -5.633702e+002  -3.970694e+002  -2.858416e+002  -1.915065e+002  -1.289662e+002  -4.755606e+001  -0.000000e+000  
-0.000000e+000  -3.066719e+002  -6.306780e+002  -9.944690e+002  -1.434660e+003  -2.023922e+003  -2.932761e+003  -4.621369e+003  -7.551845e+003  -3.987645e+003  -2.362818e+003  -1.653179e+003  -1.248181e+003  -9.792203e+002  -7.854584e+002  -6.391608e+002  -5.252771e+002  -3.669371e+002  -2.619726e+002  -1.739326e+002  -1.161609e+002  -4.237154e+001  -0.000000e+000  
-0.000000e+000  -2.661232e+002  -5.422691e+002  -8.393491e+002  -1.169478e+003  -1.543346e+003  -1.954549e+003  -2.309284e+003  -0.000000e+000  -2.238032e+003  -1.795608e+003  -1.393616e+003  -1.094427e+003  -8.725052e+002  -7.042564e+002  -5.739793e+002  -4.713262e+002  -3.275454e+002  -2.324016e+002  -1.531474e+002  -1.015504e+002  -3.669316e+001  -0.000000e+000  
-0.000000e+000  -2.082008e+002  -4.175152e+002  -6.266051e+002  -8.270671e+002  -9.927268e+002  -1.054526e+003  -8.454351e+002  -0.000000e+000  -1.054028e+003  -1.191658e+003  -1.058643e+003  -8.846678e+002  -7.269190e+002  -5.954870e+002  -4.886623e+002  -4.023500e+002  -2.791404e+002  -1.972400e+002  -1.292242e+002  -8.519068e+001  -3.054217e+001  -0.000000e+000  
-0.000000e+000  -1.184955e+002  -2.308655e+002  -3.289243e+002  -4.002380e+002  -4.260773e+002  -3.810377e+002  -2.392406e+002  -0.000000e+000  -3.772303e+002  -5.691539e+002  -5.994383e+002  -5.534282e+002  -4.813254e+002  -4.068521e+002  -3.394429e+002  -2.818308e+002  -1.958508e+002  -1.378512e+002  -8.968801e+001  -5.869070e+001  -2.082860e+001  -0.000000e+000  
-0.000000e+000  -0.000000e+000  -0.000000e+000  -0.000000e+000  -0.000000e+000  -0.000000e+000  -0.000000e+000  -0.000000e+000  -0.000000e+000  -0.000000e+000  -0.000000e+000  -0.000000e+000  -0.000000e+000  -0.000000e+000  -0.000000e+000  -0.000000e+000  -0.000000e+000  -0.000000e+000  -0.000000e+000  -0.000000e+000  -0.000000e+000  -0.000000e+000  -0.000000e+000  
-0.000000e+000  1.184955e+002  2.308655e+002  3.289243e+002  4.002380e+002  4.260773e+002  3.810377e+002  2.392406e+002  -0.000000e+000  3.772303e+002  5.691539e+002  5.994383e+002  5.534282e+002  4.813254e+002  4.068521e+002  3.394429e+002  2.818308e+002  1.958508e+002  1.378512e+002  8.968801e+001  5.869070e+001  2.082860e+001  -0.000000e+000  
-0.000000e+000  2.082008e+002  4.175152e+002  6.266051e+002  8.270671e+002  9.927268e+002  1.054526e+003  8.454351e+002  -0.000000e+000  1.054028e+003  1.191658e+003  1.058643e+003  8.846678e+002  7.269190e+002  5.954870e+002  4.886623e+002  4.023500e+002  2.791404e+002  1.972400e+002  1.292242e+002  8.519068e+001  3.054217e+001  -0.000000e+000  
-0.000000e+000  2.661232e+002  5.422691e+002  8.393491e+002  1.169478e+003  1.543346e+003  1.954549e+003  2.309284e+003  -0.000000e+000  2.238032e+003  1.795608e+003  1.393616e+003  1.094427e+003  8.725052e+002  7.042564e+002  5.739793e+002  4.713262e+002  3.275454e+002  2.324016e+002  1.531474e+002  1.015504e+002  3.669316e+001  -0.000000e+000  
-0.000000e+000  3.066719e+002  6.306780e+002  9.944690e+002  1.434660e+003  2.023922e+003  2.932761e+003  4.621369e+003  7.551845e+003  3.987645e+003  2.362818e+003  1.653179e+003  1.248181e+003  9.792203e+002  7.854584e+002  6.391608e+002  5.252771e+002  3.669371e+002  2.619726e+002  1.739326e+002  1.161609e+002  4.237154e+001  -0.000000e+000  
-0.000000e+000  3.194521e+002  6.554371e+002  1.027620e+003  1.462516e+003  1.997249e+003  2.676622e+003  3.507890e+003  4.211385e+003  3.272847e+003  2.323197e+003  1.709838e+003  1.310854e+003  1.035315e+003  8.345318e+002  6.822722e+002  5.633702e+002  3.970694e+002  2.858416e+002  1.915065e+002  1.289662e+002  4.755606e+001  -0.000000e+000  
-0.000000e+000  3.063618e+002  6.235588e+002  9.626588e+002  1.334204e+003  1.744339e+003  2.182830e+003  2.593640e+003  2.824670e+003  2.566154e+003  2.064291e+003  1.626767e+003  1.293151e+003  1.042798e+003  8.520921e+002  7.037480e+002  5.860237e+002  4.183012e+002  3.042840e+002  2.060578e+002  1.400967e+002  5.230148e+001  -0.000000e+000  
-0.000000e+000  2.763048e+002  5.573829e+002  8.468875e+002  1.145436e+003  1.446913e+003  1.732027e+003  1.959990e+003  2.067193e+003  2.019229e+003  1.763846e+003  1.476173e+003  1.221338e+003  1.011546e+003  8.421732e+002  7.053834e+002  5.940666e+002  4.308615e+002  3.173335e+002  2.175448e+002  1.494945e+002  5.658063e+001  -0.000000e+000  
-0.000000e+000  2.348703e+002  4.697554e+002  7.034287e+002  9.319311e+002  1.146728e+003  1.332880e+003  1.468715e+003  1.530300e+003  1.565923e+003  1.456101e+003  1.286718e+003  1.109939e+003  9.481846e+002  8.079563e+002  6.890084e+002  5.888170e+002  4.358829e+002  3.260511e+002  2.268987e+002  1.579378e+002  6.076788e+001  -0.000000e+000  
-0.000000e+000  1.894750e+002  3.765864e+002  5.581632e+002  7.294377e+002  8.833951e+002  1.010601e+003  1.100122e+003  1.142222e+003  1.209225e+003  1.176771e+003  1.087019e+003  9.741934e+002  8.587292e+002  7.505612e+002  6.534884e+002  5.682290e+002  4.312737e+002  3.287515e+002  2.329652e+002  1.646718e+002  6.462614e+001  -0.000000e+000  
-0.000000e+000  1.294036e+002  2.556325e+002  3.752964e+002  4.846365e+002  5.795093e+002  6.555908e+002  7.088669e+002  7.363834e+002  8.169614e+002  8.403021e+002  8.210450e+002  7.748907e+002  7.146018e+002  6.490356e+002  5.836948e+002  5.216798e+002  4.123017e+002  3.240174e+002  2.363911e+002  1.712036e+002  6.933115e+001  -0.000000e+000  
-0.000000e+000  7.805231e+001  1.538145e+002  2.249998e+002  2.893487e+002  3.446914e+002  3.890591e+002  4.208398e+002  4.389540e+002  5.128131e+002  5.548288e+002  5.697630e+002  5.638655e+002  5.433612e+002  5.135853e+002  4.786861e+002  4.416700e+002  3.674643e+002  3.008343e+002  2.286685e+002  1.714812e+002  7.281766e+001  -0.000000e+000  
-0.000000e+000  4.754469e+001  9.365600e+001  1.369344e+002  1.760525e+002  2.098005e+002  2.371389e+002  2.572552e+002  2.696155e+002  3.310228e+002  3.735563e+002  3.988042e+002  4.093578e+002  4.082201e+002  3.983454e+002  3.823584e+002  3.624307e+002  3.158570e+002  2.687844e+002  2.127974e+002  1.652784e+002  7.382794e+001  -0.000000e+000  
-0.000000e+000  2.142221e+001  4.223248e+001  6.183865e+001  7.968781e+001  9.528543e+001  1.082132e+002  1.181445e+002  1.248575e+002  1.675667e+002  2.018437e+002  2.277256e+002  2.457179e+002  2.566469e+002  2.615146e+002  2.613781e+002  2.572600e+002  2.398742e+002  2.162794e+002  1.822780e+002  1.493634e+002  7.229266e+001  -0.000000e+000  
-0.000000e+000  7.384162e+000  1.457698e+001  2.139316e+001  2.765935e+001  3.321958e+001  3.794018e+001  4.171380e+001  4.446259e+001  6.889411e+001  9.037363e+001  1.086630e+002  1.236875e+002  1.355099e+002  1.443001e+002  1.503028e+002  1.538088e+002  1.542667e+002  1.485032e+002  1.349497e+002  1.181399e+002  6.417855e+001  -0.000000e+000  
-0.000000e+000  1.715606e+000  3.386671e+000  4.969876e+000  6.424296e+000  7.712506e+000  8.801550e+000  9.663780e+000  1.027749e+001  2.248718e+001  3.388324e+001  4.431720e+001  5.368191e+001  6.190986e+001  6.896978e+001  7.486192e+001  7.961280e+001  8.583265e+001  8.824106e+001  8.666814e+001  8.124067e+001  5.070187e+001  -0.000000e+000  
-0.000000e+000  8.706378e-002  1.633584e-001  2.183387e-001  2.419010e-001  2.245873e-001  1.577712e-001  3.381905e-002  -1.537770e-001  6.680344e+000  1.326744e+001  1.953416e+001  2.541712e+001  3.086365e+001  3.583196e+001  4.029096e+001  4.421976e+001  5.045242e+001  5.452909e+001  5.677295e+001  5.597192e+001  3.914607e+001  -0.000000e+000  
-0.000000e+000  -0.000000e+000  -0.000000e+000  -0.000000e+000  -0.000000e+000  -0.000000e+000  -0.000000e+000  -0.000000e+000  -0.000000e+000  -0.000000e+000  -0.000000e+000  -0.000000e+000  -0.000000e+000  -0.000000e+000  -0.000000e+000  -0.000000e+000  -0.000000e+000  -0.000000e+000  -0.000000e+000  -0.000000e+000  -0.000000e+000  -0.000000e+000  -0.000000e+000  

0.000000e+000  0.000000e+000  0.000000e+000  0.000000e+000  0.000000e+000  0.000000e+000  0.000000e+000  0.000000e+000  0.000000e+000  0.000000e+000  0.000000e+000  0.000000e+000  0.000000e+000  0.000000e+000  0.000000e+000  0.000000e+000  0.000000e+000  0.000000e+000  0.000000e+000  0.000000e+000  0.000000e+000  0.000000e+000  0.000000e+000  
0.000000e+000  0.000000e+000  0.000000e+000  0.000000e+000  0.000000e+000  0.000000e+000  0.000000e+000  0.000000e+000  0.000000e+000  0.000000e+000  0.000000e+000  0.000000e+000  0.000000e+000  0.000000e+000  0.000000e+000  0.000000e+000  0.000000e+000  0.000000e+000  0.000000e+000  0.000000e+000  0.000000e+000  0.000000e+000  0.000000e+000  
0.000000e+000  0.000000e+000  0.000000e+000  0.000000e+000  0.000000e+000  0.000000e+000  0.000000e+000  0.000000e+000  0.000000e+000  0.000000e+000  0.000000e+000  0.000000e+000  0.000000e+000  0.000000e+000  0.000000e+000  0.000000e+000  0.000000e+000  0.000000e+000  0.000000e+000  0.000000e+000  0.000000e+000  0.000000e+000  0.000000e+000  
0.000000e+000  0.000000e+000  0.000000e+000  0.000000e+000  0.000000e+000  0.000000e+000  0.000000e+000  0.000000e+000  0.000000e+000  0.000000e+000  0.000000e+000  0.000000e+000  0.000000e+000  0.000000e+000  0.000000e+000  0.000000e+000  0.000000e+000  0.000000e+000  0.000000e+000  0.000000e+000  0.000000e+000  0.000000e+000  0.000000e+000  
0.000000e+000  0.000000e+000  0.000000e+000  0.000000e+000  0.000000e+000  0.000000e+000  0.000000e+000  0.000000e+000  0.000000e+000  0.000000e+000  0.000000e+000  0.000000e+000  0.000000e+000  0.000000e+000  0.000000e+000  0.000000e+000  0.000000e+000  0.000000e+000  0.000000e+000  0.000000e+000  0.000000e+000  0.000000e+000  0.000000e+000  
0.000000e+000  0.000000e+000  0.000000e+000  0.000000e+000  0.000000e+000  0.000000e+000  0.000000e+000  0.000000e+000  0.000000e+000  0.000000e+000  0.000000e+000  0.000000e+000  0.000000e+000  0.000000e+000  0.000000e+000  0.000000e+000  0.000000e+000  0.000000e+000  0.000000e+000  0.000000e+000  0.000000e+000  0.000000e+000  0.000000e+000  
0.000000e+000  0.000000e+000  0.000000e+000  0.000000e+000  0.000000e+000  0.000000e+000  0.000000e+000  0.000000e+000  0.000000e+000  0.000000e+000  0.000000e+000  0.000000e+000  0.000000e+000  0.000000e+000  0.000000e+000  0.000000e+000  0.000000e+000  0.000000e+000  0.000000e+000  0.000000e+000  0.000000e+000  0.000000e+000  0.000000e+000  
0.000000e+000  0.000000e+000  0.000000e+000  0.000000e+000  0.000000e+000  0.000000e+000  0.000000e+000  0.000000e+000  0.000000e+000  0.000000e+000  0.000000e+000  0.000000e+000  0.000000e+000  0.000000e+000  0.000000e+000  0.000000e+000  0.000000e+000  0.000000e+000  0.000000e+000  0.000000e+000  0.000000e+000  0.000000e+000  0.000000e+000  
0.000000e+000  0.000000e+000  0.000000e+000  0.000000e+000  0.000000e+000  0.000000e+000  0.000000e+000  0.000000e+000  0.000000e+000  0.000000e+000  0.000000e+000  0.000000e+000  0.000000e+000  0.000000e+000  0.000000e+000  0.000000e+000  0.000000e+000  0.000000e+000  0.000000e+000  0.000000e+000  0.000000e+000  0.000000e+000  0.000000e+000  
0.000000e+000  0.000000e+000  0.000000e+000  0.000000e+000  0.000000e+000  0.000000e+000  0.000000e+000  0.000000e+000  0.000000e+000  0.000000e+000  0.000000e+000  0.000000e+000  0.000000e+000  0.000000e+000  0.000000e+000  0.000000e+000  0.000000e+000  0.000000e+000  0.000000e+000  0.000000e+000  0.000000e+000  0.000000e+000  0.000000e+000  
0.000000e+000  0.000000e+000  0.000000e+000  0.000000e+000  0.000000e+000  0.000000e+000  0.000000e+000  0.000000e+000  0.000000e+000  0.000000e+000  0.000000e+000  0.000000e+000  0.000000e+000  0.000000e+000  0.000000e+000  0.000000e+000  0.000000e+000  0.000000e+000  0.000000e+000  0.000000e+000  0.000000e+000  0.000000e+000  0.000000e+000  
0.000000e+000  0.000000e+000  0.000000e+000  0.000000e+000  0.000000e+000  0.000000e+000  0.000000e+000  0.000000e+000  0.000000e+000  0.000000e+000  0.000000e+000  0.000000e+000  0.000000e+000  0.000000e+000  0.000000e+000  0.000000e+000  0.000000e+000  0.000000e+000  0.000000e+000  0.000000e+000  0.000000e+000  0.000000e+000  0.000000e+000  
0.000000e+000  0.000000e+000  0.000000e+000  0.000000e+000  0.000000e+000  0.000000e+000  0.000000e+000  0.000000e+000  0.000000e+000  0.000000e+000  0.000000e+000  0.000000e+000  0.000000e+000  0.000000e+000  0.000000e+000  0.000000e+000  0.000000e+000  0.000000e+000  0.000000e+000  0.000000e+000  0.000000e+000  0.000000e+000  0.000000e+000  
0.000000e+000  0.000000e+000  0.000000e+000  0.000000e+000  0.000000e+000  0.000000e+000  0.000000e+000  0.000000e+000  0.000000e+000  0.000000e+000  0.000000e+000  0.000000e+000  0.000000e+000  0.000000e+000  0.000000e+000  0.000000e+000  0.000000e+000  0.000000e+000  0.000000e+000  0.000000e+000  0.000000e+000  0.000000e+000  0.000000e+000  
0.000000e+000  0.000000e+000  0.000000e+000  0.000000e+000  0.000000e+000  0.000000e+000  0.000000e+000  0.000000e+000  0.000000e+000  0.000000e+000  0.000000e+000  0.000000e+000  0.000000e+000  0.000000e+000  0.000000e+000  0.000000e+000  0.000000e+000  0.000000e+000  0.000000e+000  0.000000e+000  0.000000e+000  0.000000e+000  0.000000e+000  
0.000000e+000  0.000000e+000  0.000000e+000  0.000000e+000  0.000000e+000  0.000000e+000  0.000000e+000  0.000000e+000  0.000000e+000  0.000000e+000  0.000000e+000  0.000000e+000  0.000000e+000  0.000000e+000  0.000000e+000  0.000000e+000  0.000000e+000  0.000000e+000  0.000000e+000  0.000000e+000  0.000000e+000  0.000000e+000  0.000000e+000  
0.000000e+000  0.000000e+000  0.000000e+000  0.000000e+000  0.000000e+000  0.000000e+000  0.000000e+000  0.000000e+000  0.000000e+000  0.000000e+000  0.000000e+000  0.000000e+000  0.000000e+000  0.000000e+000  0.000000e+000  0.000000e+000  0.000000e+000  0.000000e+000  0.000000e+000  0.000000e+000  0.000000e+000  0.000000e+000  0.000000e+000  
0.000000e+000  0.000000e+000  0.000000e+000  0.000000e+000  0.000000e+000  0.000000e+000  0.000000e+000  0.000000e+000  0.000000e+000  0.000000e+000  0.000000e+000  0.000000e+000  0.000000e+000  0.000000e+000  0.000000e+000  0.000000e+000  0.000000e+000  0.000000e+000  0.000000e+000  0.000000e+000  0.000000e+000  0.000000e+000  0.000000e+000  
0.000000e+000  0.000000e+000  0.000000e+000  0.000000e+000  0.000000e+000  0.000000e+000  0.000000e+000  0.000000e+000  0.000000e+000  0.000000e+000  0.000000e+000  0.000000e+000  0.000000e+000  0.000000e+000  0.000000e+000  0.000000e+000  0.000000e+000  0.000000e+000  0.000000e+000  0.000000e+000  0.000000e+000  0.000000e+000  0.000000e+000  
0.000000e+000  0.000000e+000  0.000000e+000  0.000000e+000  0.000000e+000  0.000000e+000  0.000000e+000  0.000000e+000  0.000000e+000  0.000000e+000  0.000000e+000  0.000000e+000  0.000000e+000  0.000000e+000  0.000000e+000  0.000000e+000  0.000000e+000  0.000000e+000  0.000000e+000  0.000000e+000  0.000000e+000  0.000000e+000  0.000000e+000  
0.000000e+000  0.000000e+000  0.000000e+000  0.000000e+000  0.000000e+000  0.000000e+000  0.000000e+000  0.000000e+000  0.000000e+000  0.000000e+000  0.000000e+000  0.000000e+000  0.000000e+000  0.000000e+000  0.000000e+000  0.000000e+000  0.000000e+000  0.000000e+000  0.000000e+000  0.000000e+000  0.000000e+000  0.000000e+000  0.000000e+000  
0.000000e+000  0.000000e+000  0.000000e+000  0.000000e+000  0.000000e+000  0.000000e+000  0.000000e+000  0.000000e+000  0.000000e+000  0.000000e+000  0.000000e+000  0.000000e+000  0.000000e+000  0.000000e+000  0.000000e+000  0.000000e+000  0.000000e+000  0.000000e+000  0.000000e+000  0.000000e+000  0.000000e+000  0.000000e+000  0.000000e+000  
0.000000e+000  0.000000e+000  0.000000e+000  0.000000e+000  0.000000e+000  0.000000e+000  0.000000e+000  0.000000e+000  0.000000e+000  0.000000e+000  0.000000e+000  0.000000e+000  0.000000e+000  0.000000e+000  0.000000e+000  0.000000e+000  0.000000e+000  0.000000e+000  0.000000e+000  0.000000e+000  0.000000e+000  0.000000e+000  0.000000e+000  
0.000000e+000  0.000000e+000  0.000000e+000  0.000000e+000  0.000000e+000  0.000000e+000  0.000000e+000  0.000000e+000  0.000000e+000  0.000000e+000  0.000000e+000  0.000000e+000  0.000000e+000  0.000000e+000  0.000000e+000  0.000000e+000  0.000000e+000  0.000000e+000  0.000000e+000  0.000000e+000  0.000000e+000  0.000000e+000  0.000000e+000  
0.000000e+000  0.000000e+000  0.000000e+000  0.000000e+000  0.000000e+000  0.000000e+000  0.000000e+000  0.000000e+000  0.000000e+000  0.000000e+000  0.000000e+000  0.000000e+000  0.000000e+000  0.000000e+000  0.000000e+000  0.000000e+000  0.000000e+000  0.000000e+000  0.000000e+000  0.000000e+000  0.000000e+000  0.000000e+000  0.000000e+000  
0.000000e+000  0.000000e+000  0.000000e+000  0.000000e+000  0.000000e+000  0.000000e+000  0.000000e+000  0.000000e+000  0.000000e+000  0.000000e+000  0.000000e+000  0.000000e+000  0.000000e+000  0.000000e+000  0.000000e+000  0.000000e+000  0.000000e+000  0.000000e+000  0.000000e+000  0.000000e+000  0.000000e+000  0.000000e+000  0.000000e+000  
0.000000e+000  0.000000e+000  0.000000e+000  0.000000e+000  0.000000e+000  0.000000e+000  0.000000e+000  0.000000e+000  0.000000e+000  0.000000e+000  0.000000e+000  0.000000e+000  0.000000e+000  0.000000e+000  0.000000e+000  0.000000e+000  0.000000e+000  0.000000e+000  0.000000e+000  0.000000e+000  0.000000e+000  0.000000e+000  0.000000e+000  
0.000000e+000  0.000000e+000  0.000000e+000  0.000000e+000  0.000000e+000  0.000000e+000  0.000000e+000  0.000000e+000  0.000000e+000  0.000000e+000  0.000000e+000  0.000000e+000  0.000000e+000  0.000000e+000  0.000000e+000  0.000000e+000  0.000000e+000  0.000000e+000  0.000000e+000  0.000000e+000  0.000000e+000  0.000000e+000  0.000000e+000  
0.000000e+000  0.000000e+000  0.000000e+000  0.000000e+000  0.000000e+000  0.000000e+000  0.000000e+000  0.000000e+000  0.000000e+000  0.000000e+000  0.000000e+000  0.000000e+000  0.000000e+000  0.000000e+000  0.000000e+000  0.000000e+000  0.000000e+000  0.000000e+000  0.000000e+000  0.000000e+000  0.000000e+000  0.000000e+000  0.000000e+000  
0.000000e+000  0.000000e+000  0.000000e+000  0.000000e+000  0.000000e+000  0.000000e+000  0.000000e+000  0.000000e+000  0.000000e+000  0.000000e+000  0.000000e+000  0.000000e+000  0.000000e+000  0.000000e+000  0.000000e+000  0.000000e+000  0.000000e+000  0.000000e+000  0.000000e+000  0.000000e+000  0.000000e+000  0.000000e+000  0.000000e+000  
0.000000e+000  0.000000e+000  0.000000e+000  0.000000e+000  0.000000e+000  0.000000e+000  0.000000e+000  0.000000e+000  0.000000e+000  0.000000e+000  0.000000e+000  0.000000e+000  0.000000e+000  0.000000e+000  0.000000e+000  0.000000e+000  0.000000e+000  0.000000e+000  0.000000e+000  0.000000e+000  0.000000e+000  0.000000e+000  0.000000e+000  
0.000000e+000  0.000000e+000  0.000000e+000  0.000000e+000  0.000000e+000  0.000000e+000  0.000000e+000  0.000000e+000  0.000000e+000  0.000000e+000  0.000000e+000  0.000000e+000  0.000000e+000  0.000000e+000  0.000000e+000  0.000000e+000  0.000000e+000  0.000000e+000  0.000000e+000  0.000000e+000  0.000000e+000  0.000000e+000  0.000000e+000  
0.000000e+000  0.000000e+000  0.000000e+000  0.000000e+000  0.000000e+000  0.000000e+000  0.000000e+000  0.000000e+000  0.000000e+000  0.000000e+000  0.000000e+000  0.000000e+000  0.000000e+000  0.000000e+000  0.000000e+000  0.000000e+000  0.000000e+000  0.000000e+000  0.000000e+000  0.000000e+000  0.000000e+000  0.000000e+000  0.000000e+000  
0.000000e+000  0.000000e+000  0.000000e+000  0.000000e+000  0.000000e+000  0.000000e+000  0.000000e+000  0.000000e+000  0.000000e+000  0.000000e+000  0.000000e+000  0.000000e+000  0.000000e+000  0.000000e+000  0.000000e+000  0.000000e+000  0.000000e+000  0.000000e+000  0.000000e+000  0.000000e+000  0.000000e+000  0.000000e+000  0.000000e+000  

0.000000e+000  0.000000e+000  0.000000e+000  0.000000e+000  0.000000e+000  0.000000e+000  0.000000e+000  0.000000e+000  0.000000e+000  0.000000e+000  0.000000e+000  0.000000e+000  0.000000e+000  0.000000e+000  0.000000e+000  0.000000e+000  0.000000e+000  0.000000e+000  0.000000e+000  0.000000e+000  0.000000e+000  0.000000e+000  0.000000e+000  
0.000000e+000  0.000000e+000  0.000000e+000  0.000000e+000  0.000000e+000  0.000000e+000  0.000000e+000  0.000000e+000  0.000000e+000  0.000000e+000  0.000000e+000  0.000000e+000  0.000000e+000  0.000000e+000  0.000000e+000  0.000000e+000  0.000000e+000  0.000000e+000  0.000000e+000  0.000000e+000  0.000000e+000  0.000000e+000  0.000000e+000  
0.000000e+000  0.000000e+000  0.000000e+000  0.000000e+000  0.000000e+000  0.000000e+000  0.000000e+000  0.000000e+000  0.000000e+000  0.000000e+000  0.000000e+000  0.000000e+000  0.000000e+000  0.000000e+000  0.000000e+000  0.000000e+000  0.000000e+000  0.000000e+000  0.000000e+000  0.000000e+000  0.000000e+000  0.000000e+000  0.000000e+000  
0.000000e+000  0.000000e+000  0.000000e+000  0.000000e+000  0.000000e+000  0.000000e+000  0.000000e+000  0.000000e+000  0.000000e+000  0.000000e+000  0.000000e+000  0.000000e+000  0.000000e+000  0.000000e+000  0.000000e+000  0.000000e+000  0.000000e+000  0.000000e+000  0.000000e+000  0.000000e+000  0.000000e+000  0.000000e+000  0.000000e+000  
0.000000e+000  0.000000e+000  0.000000e+000  0.000000e+000  0.000000e+000  0.000000e+000  0.000000e+000  0.000000e+000  0.000000e+000  0.000000e+000  0.000000e+000  0.000000e+000  0.000000e+000  0.000000e+000  0.000000e+000  0.000000e+000  0.000000e+000  0.000000e+000  0.000000e+000  0.000000e+000  0.000000e+000  0.000000e+000  0.000000e+000  
0.000000e+000  0.000000e+000  0.000000e+000  0.000000e+000  0.000000e+000  0.000000e+000  0.000000e+000  0.000000e+000  0.000000e+000  0.000000e+000  0.000000e+000  0.000000e+000  0.000000e+000  0.000000e+000  0.000000e+000  0.000000e+000  0.000000e+000  0.000000e+000  0.000000e+000  0.000000e+000  0.000000e+000  0.000000e+000  0.000000e+000  
0.000000e+000  0.000000e+000  0.000000e+000  0.000000e+000  0.000000e+000  0.000000e+000  0.000000e+000  0.000000e+000  0.000000e+000  0.000000e+000  0.000000e+000  0.000000e+000  0.000000e+000  0.000000e+000  0.000000e+000  0.000000e+000  0.000000e+000  0.000000e+000  0.000000e+000  0.000000e+000  0.000000e+000  0.000000e+000  0.000000e+000  
0.000000e+000  0.000000e+000  0.000000e+000  0.000000e+000  0.000000e+000  0.000000e+000  0.000000e+000  0.000000e+000  0.000000e+000  0.000000e+000  0.000000e+000  0.000000e+000  0.000000e+000  0.000000e+000  0.000000e+000  0.000000e+000  0.000000e+000  0.000000e+000  0.000000e+000  0.000000e+000  0.000000e+000  0.000000e+000  0.000000e+000  
0.000000e+000  0.000000e+000  0.000000e+000  0.000000e+000  0.000000e+000  0.000000e+000  0.000000e+000  0.000000e+000  0.000000e+000  0.000000e+000  0.000000e+000  0.000000e+000  0.000000e+000  0.000000e+000  0.000000e+000  0.000000e+000  0.000000e+000  0.000000e+000  0.000000e+000  0.000000e+000  0.000000e+000  0.000000e+000  0.000000e+000  
0.000000e+000  0.000000e+000  0.000000e+000  0.000000e+000  0.000000e+000  0.000000e+000  0.000000e+000  0.000000e+000  0.000000e+000  0.000000e+000  0.000000e+000  0.000000e+000  0.000000e+000  0.000000e+000  0.000000e+000  0.000000e+000  0.000000e+000  0.000000e+000  0.000000e+000  0.000000e+000  0.000000e+000  0.000000e+000  0.000000e+000  
0.000000e+000  0.000000e+000  0.000000e+000  0.000000e+000  0.000000e+000  0.000000e+000  0.000000e+000  0.000000e+000  0.000000e+000  0.000000e+000  0.000000e+000  0.000000e+000  0.000000e+000  0.000000e+000  0.000000e+000  0.000000e+000  0.000000e+000  0.000000e+000  0.000000e+000  0.000000e+000  0.000000e+000  0.000000e+000  0.000000e+000  
0.000000e+000  0.000000e+000  0.000000e+000  0.000000e+000  0.000000e+000  0.000000e+000  0.000000e+000  0.000000e+000  0.000000e+000  0.000000e+000  0.000000e+000  0.000000e+000  0.000000e+000  0.000000e+000  0.000000e+000  0.000000e+000  0.000000e+000  0.000000e+000  0.000000e+000  0.000000e+000  0.000000e+000  0.000000e+000  0.000000e+000  
0.000000e+000  0.000000e+000  0.000000e+000  0.000000e+000  0.000000e+000  0.000000e+000  0.000000e+000  0.000000e+000  0.000000e+000  0.000000e+000  0.000000e+000  0.000000e+000  0.000000e+000  0.000000e+000  0.000000e+000  0.000000e+000  0.000000e+000  0.000000e+000  0.000000e+000  0.000000e+000  0.000000e+000  0.000000e+000  0.000000e+000  
0.000000e+000  0.000000e+000  0.000000e+000  0.000000e+000  0.000000e+000  0.000000e+000  0.000000e+000  0.000000e+000  0.000000e+000  0.000000e+000  0.000000e+000  0.000000e+000  0.000000e+000  0.000000e+000  0.000000e+000  0.000000e+000  0.000000e+000  0.000000e+000  0.000000e+000  0.000000e+000  0.000000e+000  0.000000e+000  0.000000e+000  
0.000000e+000  0.000000e+000  0.000000e+000  0.000000e+000  0.000000e+000  0.000000e+000  0.000000e+000  0.000000e+000  0.000000e+000  0.000000e+000  0.000000e+000  0.000000e+000  0.000000e+000  0.000000e+000  0.000000e+000  0.000000e+000  0.000000e+000  0.000000e+000  0.000000e+000  0.000000e+000  0.000000e+000  0.000000e+000  0.000000e+000  
0.000000e+000  0.000000e+000  0.000000e+000  0.000000e+000  0.000000e+000  0.000000e+000  0.000000e+000  0.000000e+000  0.000000e+000  0.000000e+000  0.000000e+000  0.000000e+000  0.000000e+000  0.000000e+000  0.000000e+000  0.000000e+000  0.000000e+000  0.000000e+000  0.000000e+000  0.000000e+000  0.000000e+000  0.000000e+000  0.000000e+000  
0.000000e+000  0.000000e+000  0.000000e+000  0.000000e+000  0.000000e+000  0.000000e+000  0.000000e+000  0.000000e+000  0.000000e+000  0.000000e+000  0.000000e+000  0.000000e+000  0.000000e+000  0.000000e+000  0.000000e+000  0.000000e+000  0.000000e+000  0.000000e+000  0.000000e+000  0.000000e+000  0.000000e+000  0.000000e+000  0.000000e+000  
0.000000e+000  0.000000e+000  0.000000e+000  0.000000e+000  0.000000e+000  0.000000e+000  0.000000e+000  0.000000e+000  0.000000e+000  0.000000e+000  0.000000e+000  0.000000e+000  0.000000e+000  0.000000e+000  0.000000e+000  0.000000e+000  0.000000e+000  0.000000e+000  0.000000e+000  0.000000e+000  0.000000e+000  0.000000e+000  0.000000e+000  
0.000000e+000  0.000000e+000  0.000000e+000  0.000000e+000  0.000000e+000  0.000000e+000  0.000000e+000  0.000000e+000  0.000000e+000  0.000000e+000  0.000000e+000  0.000000e+000  0.000000e+000  0.000000e+000  0.000000e+000  0.000000e+000  0.000000e+000  0.000000e+000  0.000000e+000  0.000000e+000  0.000000e+000  0.000000e+000  0.000000e+000  
0.000000e+000  0.000000e+000  0.000000e+000  0.000000e+000  0.000000e+000  0.000000e+000  0.000000e+000  0.000000e+000  0.000000e+000  0.000000e+000  0.000000e+000  0.000000e+000  0.000000e+000  0.000000e+000  0.000000e+000  0.000000e+000  0.000000e+000  0.000000e+000  0.000000e+000  0.000000e+000  0.000000e+000  0.000000e+000  0.000000e+000  
0.000000e+000  0.000000e+000  0.000000e+000  0.000000e+000  0.000000e+000  0.000000e+000  0.000000e+000  0.000000e+000  0.000000e+000  0.000000e+000  0.000000e+000  0.000000e+000  0.000000e+000  0.000000e+000  0.000000e+000  0.000000e+000  0.000000e+000  0.000000e+000  0.000000e+000  0.000000e+000  0.000000e+000  0.000000e+000  0.000000e+000  
0.000000e+000  0.000000e+000  0.000000e+000  0.000000e+000  0.000000e+000  0.000000e+000  0.000000e+000  0.000000e+000  0.000000e+000  0.000000e+000  0.000000e+000  0.000000e+000  0.000000e+000  0.000000e+000  0.000000e+000  0.000000e+000  0.000000e+000  0.000000e+000  0.000000e+000  0.000000e+000  0.000000e+000  0.000000e+000  0.000000e+000  
0.000000e+000  0.000000e+000  0.000000e+000  0.000000e+000  0.000000e+000  0.000000e+000  0.000000e+000  0.000000e+000  0.000000e+000  0.000000e+000  0.000000e+000  0.000000e+000  0.000000e+000  0.000000e+000  0.000000e+000  0.000000e+000  0.000000e+000  0.000000e+000  0.000000e+000  0.000000e+000  0.000000e+000  0.000000e+000  0.000000e+000  
0.000000e+000  0.000000e+000  0.000000e+000  0.000000e+000  0.000000e+000  0.000000e+000  0.000000e+000  0.000000e+000  0.000000e+000  0.000000e+000  0.000000e+000  0.000000e+000  0.000000e+000  0.000000e+000  0.000000e+000  0.000000e+000  0.000000e+000  0.000000e+000  0.000000e+000  0.000000e+000  0.000000e+000  0.000000e+000  0.000000e+000  
0.000000e+000  0.000000e+000  0.000000e+000  0.000000e+000  0.000000e+000  0.000000e+000  0.000000e+000  0.000000e+000  0.000000e+000  0.000000e+000  0.000000e+000  0.000000e+000  0.000000e+000  0.000000e+000  0.000000e+000  0.000000e+000  0.000000e+000  0.000000e+000  0.000000e+000  0.000000e+000  0.000000e+000  0.000000e+000  0.000000e+000  
0.000000e+000  0.000000e+000  0.000000e+000  0.000000e+000  0.000000e+000  0.000000e+000  0.000000e+000  0.000000e+000  0.000000e+000  0.000000e+000  0.000000e+000  0.000000e+000  0.000000e+000  0.000000e+000  0.000000e+000  0.000000e+000  0.000000e+000  0.000000e+000  0.000000e+000  0.000000e+000  0.000000e+000  0.000000e+000  0.000000e+000  
0.000000e+000  0.000000e+000  0.000000e+000  0.000000e+000  0.000000e+000  0.000000e+000  0.000000e+000  0.000000e+000  0.000000e+000  0.000000e+000  0.000000e+000  0.000000e+000  0.000000e+000  0.000000e+000  0.000000e+000  0.000000e+000  0.000000e+000  0.000000e+000  0.000000e+000  0.000000e+000  0.000000e+000  0.000000e+000  0.000000e+000  
0.000000e+000  0.000000e+000  0.000000e+000  0.000000e+000  0.000000e+000  0.000000e+000  0.000000e+000  0.000000e+000  0.000000e+000  0.000000e+000  0.000000e+000  0.000000e+000  0.000000e+000  0.000000e+000  0.000000e+000  0.000000e+000  0.000000e+000  0.000000e+000  0.000000e+000  0.000000e+000  0.000000e+000  0.000000e+000  0.000000e+000  
0.000000e+000  0.000000e+000  0.000000e+000  0.000000e+000  0.000000e+000  0.000000e+000  0.000000e+000  0.000000e+000  0.000000e+000  0.000000e+000  0.000000e+000  0.000000e+000  0.000000e+000  0.000000e+000  0.000000e+000  0.000000e+000  0.000000e+000  0.000000e+000  0.000000e+000  0.000000e+000  0.000000e+000  0.000000e+000  0.000000e+000  
0.000000e+000  0.000000e+000  0.000000e+000  0.000000e+000  0.000000e+000  0.000000e+000  0.000000e+000  0.000000e+000  0.000000e+000  0.000000e+000  0.000000e+000  0.000000e+000  0.000000e+000  0.000000e+000  0.000000e+000  0.000000e+000  0.000000e+000  0.000000e+000  0.000000e+000  0.000000e+000  0.000000e+000  0.000000e+000  0.000000e+000  
0.000000e+000  0.000000e+000  0.000000e+000  0.000000e+000  0.000000e+000  0.000000e+000  0.000000e+000  0.000000e+000  0.000000e+000  0.000000e+000  0.000000e+000  0.000000e+000  0.000000e+000  0.000000e+000  0.000000e+000  0.000000e+000  0.000000e+000  0.000000e+000  0.000000e+000  0.000000e+000  0.000000e+000  0.000000e+000  0.000000e+000  
0.000000e+000  0.000000e+000  0.000000e+000  0.000000e+000  0.000000e+000  0.000000e+000  0.000000e+000  0.000000e+000  0.000000e+000  0.000000e+000  0.000000e+000  0.000000e+000  0.000000e+000  0.000000e+000  0.000000e+000  0.000000e+000  0.000000e+000  0.000000e+000  0.000000e+000  0.000000e+000  0.000000e+000  0.000000e+000  0.000000e+000  
0.000000e+000  0.000000e+000  0.000000e+000  0.000000e+000  0.000000e+000  0.000000e+000  0.000000e+000  0.000000e+000  0.000000e+000  0.000000e+000  0.000000e+000  0.000000e+000  0.000000e+000  0.000000e+000  0.000000e+000  0.000000e+000  0.000000e+000  0.000000e+000  0.000000e+000  0.000000e+000  0.000000e+000  0.000000e+000  0.000000e+000  
0.000000e+000  0.000000e+000  0.000000e+000  0.000000e+000  0.000000e+000  0.000000e+000  0.000000e+000  0.000000e+000  0.000000e+000  0.000000e+000  0.000000e+000  0.000000e+000  0.000000e+000  0.000000e+000  0.000000e+000  0.000000e+000  0.000000e+000  0.000000e+000  0.000000e+000  0.000000e+000  0.000000e+000  0.000000e+000  0.000000e+000  

0.000000e+000  0.000000e+000  0.000000e+000  0.000000e+000  0.000000e+000  0.000000e+000  0.000000e+000  0.000000e+000  0.000000e+000  0.000000e+000  0.000000e+000  0.000000e+000  0.000000e+000  0.000000e+000  0.000000e+000  0.000000e+000  0.000000e+000  0.000000e+000  0.000000e+000  0.000000e+000  0.000000e+000  0.000000e+000  0.000000e+000  
0.000000e+000  0.000000e+000  0.000000e+000  0.000000e+000  0.000000e+000  0.000000e+000  0.000000e+000  0.000000e+000  0.000000e+000  0.000000e+000  0.000000e+000  0.000000e+000  0.000000e+000  0.000000e+000  0.000000e+000  0.000000e+000  0.000000e+000  0.000000e+000  0.000000e+000  0.000000e+000  0.000000e+000  0.000000e+000  0.000000e+000  
0.000000e+000  0.000000e+000  0.000000e+000  0.000000e+000  0.000000e+000  0.000000e+000  0.000000e+000  0.000000e+000  0.000000e+000  0.000000e+000  0.000000e+000  0.000000e+000  0.000000e+000  0.000000e+000  0.000000e+000  0.000000e+000  0.000000e+000  0.000000e+000  0.000000e+000  0.000000e+000  0.000000e+000  0.000000e+000  0.000000e+000  
0.000000e+000  0.000000e+000  0.000000e+000  0.000000e+000  0.000000e+000  0.000000e+000  0.000000e+000  0.000000e+000  0.000000e+000  0.000000e+000  0.000000e+000  0.000000e+000  0.000000e+000  0.000000e+000  0.000000e+000  0.000000e+000  0.000000e+000  0.000000e+000  0.000000e+000  0.000000e+000  0.000000e+000  0.000000e+000  0.000000e+000  
0.000000e+000  0.000000e+000  0.000000e+000  0.000000e+000  0.000000e+000  0.000000e+000  0.000000e+000  0.000000e+000  0.000000e+000  0.000000e+000  0.000000e+000  0.000000e+000  0.000000e+000  0.000000e+000  0.000000e+000  0.000000e+000  0.000000e+000  0.000000e+000  0.000000e+000  0.000000e+000  0.000000e+000  0.000000e+000  0.000000e+000  
0.000000e+000  0.000000e+000  0.000000e+000  0.000000e+000  0.000000e+000  0.000000e+000  0.000000e+000  0.000000e+000  0.000000e+000  0.000000e+000  0.000000e+000  0.000000e+000  0.000000e+000  0.000000e+000  0.000000e+000  0.000000e+000  0.000000e+000  0.000000e+000  0.000000e+000  0.000000e+000  0.000000e+000  0.000000e+000  0.000000e+000  
0.000000e+000  0.000000e+000  0.000000e+000  0.000000e+000  0.000000e+000  0.000000e+000  0.000000e+000  0.000000e+000  0.000000e+000  0.000000e+000  0.000000e+000  0.000000e+000  0.000000e+000  0.000000e+000  0.000000e+000  0.000000e+000  0.000000e+000  0.000000e+000  0.000000e+000  0.000000e+000  0.000000e+000  0.000000e+000  0.000000e+000  
0.000000e+000  0.000000e+000  0.000000e+000  0.000000e+000  0.000000e+000  0.000000e+000  0.000000e+000  0.000000e+000  0.000000e+000  0.000000e+000  0.000000e+000  0.000000e+000  0.000000e+000  0.000000e+000  0.000000e+000  0.000000e+000  0.000000e+000  0.000000e+000  0.000000e+000  0.000000e+000  0.000000e+000  0.000000e+000  0.000000e+000  
0.000000e+000  0.000000e+000  0.000000e+000  0.000000e+000  0.000000e+000  0.000000e+000  0.000000e+000  0.000000e+000  0.000000e+000  0.000000e+000  0.000000e+000  0.000000e+000  0.000000e+000  0.000000e+000  0.000000e+000  0.000000e+000  0.000000e+000  0.000000e+000  0.000000e+000  0.000000e+000  0.000000e+000  0.000000e+000  0.000000e+000  
0.000000e+000  0.000000e+000  0.000000e+000  0.000000e+000  0.000000e+000  0.000000e+000  0.000000e+000  0.000000e+000  0.000000e+000  0.000000e+000  0.000000e+000  0.000000e+000  0.000000e+000  0.000000e+000  0.000000e+000  0.000000e+000  0.000000e+000  0.000000e+000  0.000000e+000  0.000000e+000  0.000000e+000  0.000000e+000  0.000000e+000  
0.000000e+000  0.000000e+000  0.000000e+000  0.000000e+000  0.000000e+000  0.000000e+000  0.000000e+000  0.000000e+000  0.000000e+000  0.000000e+000  0.000000e+000  0.000000e+000  0.000000e+000  0.000000e+000  0.000000e+000  0.000000e+000  0.000000e+000  0.000000e+000  0.000000e+000  0.000000e+000  0.000000e+000  0.000000e+000  0.000000e+000  
0.000000e+000  0.000000e+000  0.000000e+000  0.000000e+000  0.000000e+000  0.000000e+000  0.000000e+000  0.000000e+000  0.000000e+000  0.000000e+000  0.000000e+000  0.000000e+000  0.000000e+000  0.000000e+000  0.000000e+000  0.000000e+000  0.000000e+000  0.000000e+000  0.000000e+000  0.000000e+000  0.000000e+000  0.000000e+000  0.000000e+000  
0.000000e+000  0.000000e+000  0.000000e+000  0.000000e+000  0.000000e+000  0.000000e+000  0.000000e+000  0.000000e+000  0.000000e+000  0.000000e+000  0.000000e+000  0.000000e+000  0.000000e+000  0.000000e+000  0.000000e+000  0.000000e+000  0.000000e+000  0.000000e+000  0.000000e+000  0.000000e+000  0.000000e+000  0.000000e+000  0.000000e+000  
0.000000e+000  0.000000e+000  0.000000e+000  0.000000e+000  0.000000e+000  0.000000e+000  0.000000e+000  0.000000e+000  0.000000e+000  0.000000e+000  0.000000e+000  0.000000e+000  0.000000e+000  0.000000e+000  0.000000e+000  0.000000e+000  0.000000e+000  0.000000e+000  0.000000e+000  0.000000e+000  0.000000e+000  0.000000e+000  0.000000e+000  
0.000000e+000  0.000000e+000  0.000000e+000  0.000000e+000  0.000000e+000  0.000000e+000  0.000000e+000  0.000000e+000  0.000000e+000  0.000000e+000  0.000000e+000  0.000000e+000  0.000000e+000  0.000000e+000  0.000000e+000  0.000000e+000  0.000000e+000  0.000000e+000  0.000000e+000  0.000000e+000  0.000000e+000  0.000000e+000  0.000000e+000  
0.000000e+000  0.000000e+000  0.000000e+000  0.000000e+000  0.000000e+000  0.000000e+000  0.000000e+000  0.000000e+000  0.000000e+000  0.000000e+000  0.000000e+000  0.000000e+000  0.000000e+000  0.000000e+000  0.000000e+000  0.000000e+000  0.000000e+000  0.000000e+000  0.000000e+000  0.000000e+000  0.000000e+000  0.000000e+000  0.000000e+000  
0.000000e+000  0.000000e+000  0.000000e+000  0.000000e+000  0.000000e+000  0.000000e+000  0.000000e+000  0.000000e+000  0.000000e+000  0.000000e+000  0.000000e+000  0.000000e+000  0.000000e+000  0.000000e+000  0.000000e+000  0.000000e+000  0.000000e+000  0.000000e+000  0.000000e+000  0.000000e+000  0.000000e+000  0.000000e+000  0.000000e+000  
0.000000e+000  0.000000e+000  0.000000e+000  0.000000e+000  0.000000e+000  0.000000e+000  0.000000e+000  0.000000e+000  0.000000e+000  0.000000e+000  0.000000e+000  0.000000e+000  0.000000e+000  0.000000e+000  0.000000e+000  0.000000e+000  0.000000e+000  0.000000e+000  0.000000e+000  0.000000e+000  0.000000e+000  0.000000e+000  0.000000e+000  
0.000000e+000  0.000000e+000  0.000000e+000  0.000000e+000  0.000000e+000  0.000000e+000  0.000000e+000  0.000000e+000  0.000000e+000  0.000000e+000  0.000000e+000  0.000000e+000  0.000000e+000  0.000000e+000  0.000000e+000  0.000000e+000  0.000000e+000  0.000000e+000  0.000000e+000  0.000000e+000  0.000000e+000  0.000000e+000  0.000000e+000  
0.000000e+000  0.000000e+000  0.000000e+000  0.000000e+000  0.000000e+000  0.000000e+000  0.000000e+000  0.000000e+000  0.000000e+000  0.000000e+000  0.000000e+000  0.000000e+000  0.000000e+000  0.000000e+000  0.000000e+000  0.000000e+000  0.000000e+000  0.000000e+000  0.000000e+000  0.000000e+000  0.000000e+000  0.000000e+000  0.000000e+000  
0.000000e+000  0.000000e+000  0.000000e+000  0.000000e+000  0.000000e+000  0.000000e+000  0.000000e+000  0.000000e+000  0.000000e+000  0.000000e+000  0.000000e+000  0.000000e+000  0.000000e+000  0.000000e+000  0.000000e+000  0.000000e+000  0.000000e+000  0.000000e+000  0.000000e+000  0.000000e+000  0.000000e+000  0.000000e+000  0.000000e+000  
0.000000e+000  0.000000e+000  0.000000e+000  0.000000e+000  0.000000e+000  0.000000e+000  0.000000e+000  0.000000e+000  0.000000e+000  0.000000e+000  0.000000e+000  0.000000e+000  0.000000e+000  0.000000e+000  0.000000e+000  0.000000e+000  0.000000e+000  0.000000e+000  0.000000e+000  0.000000e+000  0.000000e+000  0.000000e+000  0.000000e+000  
0.000000e+000  0.000000e+000  0.000000e+000  0.000000e+000  0.000000e+000  0.000000e+000  0.000000e+000  0.000000e+000  0.000000e+000  0.000000e+000  0.000000e+000  0.000000e+000  0.000000e+000  0.000000e+000  0.000000e+000  0.000000e+000  0.000000e+000  0.000000e+000  0.000000e+000  0.000000e+000  0.000000e+000  0.000000e+000  0.000000e+000  
0.000000e+000  0.000000e+000  0.000000e+000  0.000000e+000  0.000000e+000  0.000000e+000  0.000000e+000  0.000000e+000  0.000000e+000  0.000000e+000  0.000000e+000  0.000000e+000  0.000000e+000  0.000000e+000  0.000000e+000  0.000000e+000  0.000000e+000  0.000000e+000  0.000000e+000  0.000000e+000  0.000000e+000  0.000000e+000  0.000000e+000  
0.000000e+000  0.000000e+000  0.000000e+000  0.000000e+000  0.000000e+000  0.000000e+000  0.000000e+000  0.000000e+000  0.000000e+000  0.000000e+000  0.000000e+000  0.000000e+000  0.000000e+000  0.000000e+000  0.000000e+000  0.000000e+000  0.000000e+000  0.000000e+000  0.000000e+000  0.000000e+000  0.000000e+000  0.000000e+000  0.000000e+000  
0.000000e+000  0.000000e+000  0.000000e+000  0.000000e+000  0.000000e+000  0.000000e+000  0.000000e+000  0.000000e+000  0.000000e+000  0.000000e+000  0.000000e+000  0.000000e+000  0.000000e+000  0.000000e+000  0.000000e+000  0.000000e+000  0.000000e+000  0.000000e+000  0.000000e+000  0.000000e+000  0.000000e+000  0.000000e+000  0.000000e+000  
0.000000e+000  0.000000e+000  0.000000e+000  0.000000e+000  0.000000e+000  0.000000e+000  0.000000e+000  0.000000e+000  0.000000e+000  0.000000e+000  0.000000e+000  0.000000e+000  0.000000e+000  0.000000e+000  0.000000e+000  0.000000e+000  0.000000e+000  0.000000e+000  0.000000e+000  0.000000e+000  0.000000e+000  0.000000e+000  0.000000e+000  
0.000000e+000  0.000000e+000  0.000000e+000  0.000000e+000  0.000000e+000  0.000000e+000  0.000000e+000  0.000000e+000  0.000000e+000  0.000000e+000  0.000000e+000  0.000000e+000  0.000000e+000  0.000000e+000  0.000000e+000  0.000000e+000  0.000000e+000  0.000000e+000  0.000000e+000  0.000000e+000  0.000000e+000  0.000000e+000  0.000000e+000  
0.000000e+000  0.000000e+000  0.000000e+000  0.000000e+000  0.000000e+000  0.000000e+000  0.000000e+000  0.000000e+000  0.000000e+000  0.000000e+000  0.000000e+000  0.000000e+000  0.000000e+000  0.000000e+000  0.000000e+000  0.000000e+000  0.000000e+000  0.000000e+000  0.000000e+000  0.000000e+000  0.000000e+000  0.000000e+000  0.000000e+000  
0.000000e+000  0.000000e+000  0.000000e+000  0.000000e+000  0.000000e+000  0.000000e+000  0.000000e+000  0.000000e+000  0.000000e+000  0.000000e+000  0.000000e+000  0.000000e+000  0.000000e+000  0.000000e+000  0.000000e+000  0.000000e+000  0.000000e+000  0.000000e+000  0.000000e+000  0.000000e+000  0.000000e+000  0.000000e+000  0.000000e+000  
0.000000e+000  0.000000e+000  0.000000e+000  0.000000e+000  0.000000e+000  0.000000e+000  0.000000e+000  0.000000e+000  0.000000e+000  0.000000e+000  0.000000e+000  0.000000e+000  0.000000e+000  0.000000e+000  0.000000e+000  0.000000e+000  0.000000e+000  0.000000e+000  0.000000e+000  0.000000e+000  0.000000e+000  0.000000e+000  0.000000e+000  
0.000000e+000  0.000000e+000  0.000000e+000  0.000000e+000  0.000000e+000  0.000000e+000  0.000000e+000  0.000000e+000  0.000000e+000  0.000000e+000  0.000000e+000  0.000000e+000  0.000000e+000  0.000000e+000  0.000000e+000  0.000000e+000  0.000000e+000  0.000000e+000  0.000000e+000  0.000000e+000  0.000000e+000  0.000000e+000  0.000000e+000  
0.000000e+000  0.000000e+000  0.000000e+000  0.000000e+000  0.000000e+000  0.000000e+000  0.000000e+000  0.000000e+000  0.000000e+000  0.000000e+000  0.000000e+000  0.000000e+000  0.000000e+000  0.000000e+000  0.000000e+000  0.000000e+000  0.000000e+000  0.000000e+000  0.000000e+000  0.000000e+000  0.000000e+000  0.000000e+000  0.000000e+000  
0.000000e+000  0.000000e+000  0.000000e+000  0.000000e+000  0.000000e+000  0.000000e+000  0.000000e+000  0.000000e+000  0.000000e+000  0.000000e+000  0.000000e+000  0.000000e+000  0.000000e+000  0.000000e+000  0.000000e+000  0.000000e+000  0.000000e+000  0.000000e+000  0.000000e+000  0.000000e+000  0.000000e+000  0.000000e+000  0.000000e+000  

-0.000000e+000  -0.000000e+000  -0.000000e+000  -0.000000e+000  -0.000000e+000  -0.000000e+000  -0.000000e+000  -0.000000e+000  -0.000000e+000  -0.000000e+000  -0.000000e+000  -0.000000e+000  -0.000000e+000  -0.000000e+000  -0.000000e+000  -0.000000e+000  -0.000000e+000  -0.000000e+000  -0.000000e+000  -0.000000e+000  -0.000000e+000  -0.000000e+000  -0.000000e+000  
-0.000000e+000  -1.016716e+000  -2.030546e+000  -3.038609e+000  -4.038038e+000  -5.025985e+000  -5.999628e+000  -6.956183e+000  -7.892910e+000  -7.875083e+000  -7.812647e+000  -7.710424e+000  -7.573252e+000  -7.405869e+000  -7.212806e+000  -6.998323e+000  -6.766349e+000  -6.260659e+000  -5.723466e+000  -5.005121e+000  -4.292332e+000  -2.345653e+000  -0.000000e+000  
-0.000000e+000  -2.231072e+000  -4.456078e+000  -6.668926e+000  -8.863472e+000  -1.103350e+001  -1.317272e+001  -1.527475e+001  -1.733310e+001  -1.705182e+001  -1.667839e+001  -1.622979e+001  -1.572165e+001  -1.516802e+001  -1.458123e+001  -1.397191e+001  -1.334903e+001  -1.208478e+001  -1.083836e+001  -9.281658e+000  -7.823189e+000  -4.171287e+000  -0.000000e+000  
-0.000000e+000  -3.492139e+000  -6.977850e+000  -1.045050e+001  -1.390306e+001  -1.732791e+001  -2.071670e+001  -2.406024e+001  -2.734838e+001  -2.635886e+001  -2.526989e+001  -2.411882e+001  -2.293632e+001  -2.174664e+001  -2.056825e+001  -1.941461e+001  -1.829503e+001  -1.617600e+001  -1.423387e+001  -1.196346e+001  -9.942710e+000  -5.224661e+000  -0.000000e+000  
-0.000000e+000  -4.754544e+000  -9.510813e+000  -1.426984e+001  -1.903131e+001  -2.379290e+001  -2.854967e+001  -3.329360e+001  -3.801315e+001  -3.569458e+001  -3.338196e+001  -3.113258e+001  -2.898441e+001  -2.695953e+001  -2.506784e+001  -2.331057e+001  -2.168318e+001  -1.879414e+001  -1.630803e+001  -1.355258e+001  -1.118577e+001  -5.862351e+000  -0.000000e+000  
-0.000000e+000  -5.357075e+000  -1.072939e+001  -1.613107e+001  -2.157398e+001  -2.706654e+001  -3.261259e+001  -3.821030e+001  -4.385116e+001  -4.040862e+001  -3.714965e+001  -3.412780e+001  -3.136506e+001  -2.886108e+001  -2.660148e+001  -2.456446e+001  -2.272532e+001  -1.956653e+001  -1.692244e+001  -1.404757e+001  -1.159959e+001  -6.102182e+000  -0.000000e+000  
-0.000000e+000  -5.816284e+000  -1.167159e+001  -1.760355e+001  -2.364687e+001  -2.983139e+001  -3.617979e+001  -4.270509e+001  -4.940816e+001  -4.447987e+001  -4.006445e+001  -3.618132e+001  -3.280129e+001  -2.986945e+001  -2.732212e+001  -2.509698e+001  -2.313803e+001  -1.987519e+001  -1.720087e+001  -1.432195e+001  -1.186939e+001  -6.289641e+000  -0.000000e+000  
-0.000000e+000  -5.914345e+000  -1.190396e+001  -1.804424e+001  -2.441001e+001  -3.107327e+001  -3.809868e+001  -4.553644e+001  -5.341379e+001  -4.664909e+001  -4.099982e+001  -3.636346e+001  -3.257230e+001  -2.945247e+001  -2.685225e+001  -2.464975e+001  -2.275102e+001  -1.965129e+001  -1.712191e+001  -1.437657e+001  -1.200227e+001  -6.427654e+000  -0.000000e+000  
-0.000000e+000  -5.704822e+000  -1.150263e+001  -1.748996e+001  -2.376941e+001  -3.044961e+001  -3.764022e+001  -4.543928e+001  -5.391201e+001  -4.616605e+001  -4.004321e+001  -3.526724e+001  -3.151681e+001  -2.851805e+001  -2.606406e+001  -2.400591e+001  -2.223793e+001  -1.934660e+001  -1.696197e+001  -1.433359e+001  -1.202606e+001  -6.480613e+000  -0.000000e+000  
-0.000000e+000  -5.282648e+000  -1.066789e+001  -1.626766e+001  -2.221247e+001  -2.865881e+001  -3.579018e+001  -4.380077e+001  -5.284658e+001  -4.415413e+001  -3.781860e+001  -3.320732e+001  -2.975709e+001  -2.707536e+001  -2.490853e+001  -2.309463e+001  -2.152847e+001  -1.892846e+001  -1.673302e+001  -1.425080e+001  -1.202552e+001  -6.523833e+000  -0.000000e+000  
-0.000000e+000  -4.755295e+000  -9.604984e+000  -1.465794e+001  -2.005485e+001  -2.599025e+001  -3.273674e+001  -4.065253e+001  -5.011140e+001  -4.079919e+001  -3.474212e+001  -3.067234e+001  -2.775309e+001  -2.551623e+001  -2.370357e+001  -2.216740e+001  -2.081874e+001  -1.851440e+001  -1.650303e+001  -1.415884e+001  -1.201030e+001  -6.553069e+000  -0.000000e+000  
-0.000000e+000  -4.079884e+000  -8.223328e+000  -1.250906e+001  -1.705345e+001  -2.205126e+001  -2.785238e+001  -3.508837e+001  -4.476358e+001  -3.532635e+001  -3.037517e+001  -2.739295e+001  -2.531002e+001  -2.368627e+001  -2.232390e+001  -2.112324e+001  -2.002870e+001  -1.805720e+001  -1.624754e+001  -1.405161e+001  -1.198474e+001  -6.576984e+000  -0.000000e+000  
-0.000000e+000  -3.304677e+000  -6.618364e+000  -9.954546e+000  -1.334154e+001  -1.685446e+001  -2.072272e+001  -2.570876e+001  -3.448792e+001  -2.692939e+001  -2.472862e+001  -2.353257e+001  -2.257322e+001  -2.169148e+001  -2.084420e+001  -2.001510e+001  -1.919637e+001  -1.757816e+001  -1.597895e+001  -1.393551e+001  -1.195202e+001  -6.596225e+000  -0.000000e+000  
-0.000000e+000  -2.514996e+000  -4.977463e+000  -7.319450e+000  -9.431286e+000  -1.110043e+001  -1.184404e+001  -1.039936e+001  -0.000000e+000  -1.503623e+001  -1.843146e+001  -1.952347e+001  -1.979144e+001  -1.967971e+001  -1.935797e+001  -1.890530e+001  -1.836477e+001  -1.710052e+001  -1.571043e+001  -1.381719e+001  -1.191538e+001  -6.611426e+000  -0.000000e+000  
-0.000000e+000  -1.785502e+000  -3.480230e+000  -4.975275e+000  -6.118762e+000  -6.675649e+000  -6.263280e+000  -4.278593e+000  -0.000000e+000  -8.657686e+000  -1.351502e+001  -1.595488e+001  -1.718524e+001  -1.775203e+001  -1.791857e+001  -1.782484e+001  -1.755302e+001  -1.663356e+001  -1.544718e+001  -1.369961e+001  -1.187674e+001  -6.623517e+000  -0.000000e+000  
-0.000000e+000  -1.206964e+000  -2.315126e+000  -3.215987e+000  -3.782436e+000  -3.864311e+000  -3.300408e+000  -1.977763e+000  -0.000000e+000  -5.700950e+000  -1.028711e+001  -1.323357e+001  -1.504621e+001  -1.610816e+001  -1.666544e+001  -1.687338e+001  -1.683336e+001  -1.621766e+001  -1.521194e+001  -1.359352e+001  -1.184050e+001  -6.632558e+000  -0.000000e+000  
-0.000000e+000  -5.430858e-001  -1.019811e+000  -1.367063e+000  -1.529510e+000  -1.466782e+000  -1.164438e+000  -6.486312e-001  -0.000000e+000  -3.645730e+000  -7.268009e+000  -1.017240e+001  -1.235000e+001  -1.388879e+001  -1.490319e+001  -1.550274e+001  -1.578116e+001  -1.560298e+001  -1.486229e+001  -1.343406e+001  -1.178379e+001  -6.643085e+000  -0.000000e+000  
-0.000000e+000  -5.430858e-001  -1.019811e+000  -1.367063e+000  -1.529510e+000  -1.466782e+000  -1.164438e+000  -6.486312e-001  -0.000000e+000  -3.645730e+000  -7.268009e+000  -1.017240e+001  -1.235000e+001  -1.388879e+001  -1.490319e+001  -1.550274e+001  -1.578116e+001  -1.560298e+001  -1.486229e+001  -1.343406e+001  -1.178379e+001  -6.643085e+000  -0.000000e+000  
-0.000000e+000  -1.206964e+000  -2.315126e+000  -3.215987e+000  -3.782436e+000  -3.864311e+000  -3.300408e+000  -1.977763e+000  -0.000000e+000  -5.700950e+000  -1.028711e+001  -1.323357e+001  -1.504621e+001  -1.610816e+001  -1.666544e+001  -1.687338e+001  -1.683336e+001  -1.621766e+001  -1.521194e+001  -1.359352e+001  -1.184050e+001  -6.632558e+000  -0.000000e+000  
-0.000000e+000  -1.785502e+000  -3.480230e+000  -4.975275e+000  -6.118762e+000  -6.675649e+000  -6.263280e+000  -4.278593e+000  -0.000000e+000  -8.657686e+000  -1.351502e+001  -1.595488e+001  -1.718524e+001  -1.775203e+001  -1.791857e+001  -1.782484e+001  -1.755302e+001  -1.663356e+001  -1.544718e+001  -1.369961e+001  -1.187674e+001  -6.623517e+000  -0.000000e+000  
-0.000000e+000  -2.514996e+000  -4.977463e+000  -7.319451e+000  -9.431286e+000  -1.110043e+001  -1.184404e+001  -1.039936e+001  -0.000000e+000  -1.503623e+001  -1.843146e+001  -1.952347e+001  -1.979144e+001  -1.967971e+001  -1.935797e+001  -1.890530e+001  -1.836477e+001  -1.710052e+001  -1.571043e+001  -1.381719e+001  -1.191538e+001  -6.611426e+000  -0.000000e+000  
-0.000000e+000  -3.304677e+000  -6.618364e+000  -9.954546e+000  -1.334154e+001  -1.685446e+001  -2.072272e+001  -2.570876e+001  -3.448792e+001  -2.692939e+001  -2.472862e+001  -2.353257e+001  -2.257322e+001  -2.169148e+001  -2.084420e+001  -2.001510e+001  -1.919637e+001  -1.757816e+001  -1.597895e+001  -1.393551e+001  -1.195202e+001  -6.596225e+000  -0.000000e+000  
-0.000000e+000  -4.079884e+000  -8.223328e+000  -1.250906e+001  -1.705345e+001  -2.205126e+001  -2.785238e+001  -3.508837e+001  -4.476358e+001  -3.532635e+001  -3.037517e+001  -2.739295e+001  -2.531002e+001  -2.368627e+001  -2.232390e+001  -2.112324e+001  -2.002870e+001  -1.805720e+001  -1.624754e+001  -1.405161e+001  -1.198474e+001  -6.576984e+000  -0.000000e+000  
-0.000000e+000  -4.755295e+000  -9.604984e+000  -1.465794e+001  -2.005485e+001  -2.599025e+001  -3.273674e+001  -4.065253e+001  -5.011140e+001  -4.079919e+001  -3.474212e+001  -3.067234e+001  -2.775309e+001  -2.551623e+001  -2.370357e+001  -2.216740e+001  -2.081874e+001  -1.851440e+001  -1.650303e+001  -1.415884e+001  -1.201030e+001  -6.553069e+000  -0.000000e+000  
-0.000000e+000  -5.282648e+000  -1.066789e+001  -1.626766e+001  -2.221247e+001  -2.865881e+001  -3.579018e+001  -4.380077e+001  -5.284658e+001  -4.415413e+001  -3.781860e+001  -3.320732e+001  -2.975709e+001  -2.707536e+001  -2.490853e+001  -2.309463e+001  -2.152847e+001  -1.892846e+001  -1.673302e+001  -1.425080e+001  -1.202552e+001  -6.523833e+000  -0.000000e+000  
-0.000000e+000  -5.704822e+000  -1.150263e+001  -1.748996e+001  -2.376941e+001  -3.044961e+001  -3.764022e+001  -4.543928e+001  -5.391201e+001  -4.616605e+001  -4.004321e+001  -3.526724e+001  -3.151681e+001  -2.851805e+001  -2.606406e+001  -2.400591e+001  -2.223793e+001  -1.934660e+001  -1.696197e+001  -1.433359e+001  -1.202606e+001  -6.480613e+000  -0.000000e+000  
-0.000000e+000  -5.914345e+000  -1.190396e+001  -1.804424e+001  -2.441001e+001  -3.107327e+001  -3.809868e+001  -4.553644e+001  -5.341379e+001  -4.664909e+001  -4.099982e+001  -3.636346e+001  -3.257230e+001  -2.945247e+001  -2.685225e+001  -2.464975e+001  -2.275102e+001  -1.965129e+001  -1.712191e+001  -1.437657e+001  -1.200227e+001  -6.427654e+000  -0.000000e+000  
-0.000000e+000  -5.816284e+000  -1.167159e+001  -1.760355e+001  -2.364687e+001  -2.983139e+001  -3.617979e+001  -4.270509e+001  -4.940816e+001  -4.447987e+001  -4.006445e+001  -3.618132e+001  -3.280129e+001  -2.986945e+001  -2.732212e+001  -2.509698e+001  -2.313803e+001  -1.987519e+001  -1.720087e+001  -1.432195e+001  -1.186939e+001  -6.289641e+000  -0.000000e+000  
-0.000000e+000  -5.357075e+000  -1.072939e+001  -1.613107e+001  -2.157398e+001  -2.706654e+001  -3.261259e+001  -3.821030e+001  -4.385116e+001  -4.040862e+001  -3.714965e+001  -3.412780e+001  -3.136506e+001  -2.886108e+001  -2.660148e+001  -2.456446e+001  -2.272532e+001  -1.956653e+001  -1.692244e+001  -1.404757e+001  -1.159959e+001  -6.102182e+000  -0.000000e+000  
-0.000000e+000  -4.754544e+000  -9.510814e+000  -1.426984e+001  -1.903131e+001  -2.379290e+001  -2.854967e+001  -3.329360e+001  -3.801315e+001  -3.569458e+001  -3.338196e+001  -3.113258e+001  -2.898441e+001  -2.695953e+001  -2.506784e+001  -2.331057e+001  -2.168318e+001  -1.879414e+001  -1.630803e+001  -1.355258e+001  -1.118577e+001  -5.862351e+000  -0.000000e+000  
-0.000000e+000  -3.492139e+000  -6.977850e+000  -1.045050e+001  -1.390306e+001  -1.732791e+001  -2.071670e+001  -2.406024e+001  -2.734838e+001  -2.635886e+001  -2.526989e+001  -2.411882e+001  -2.293632e+001  -2.174664e+001  -2.056825e+001  -1.941461e+001  -1.829503e+001  -1.617600e+001  -1.423387e+001  -1.196346e+001  -9.942710e+000  -5.224661e+000  -0.000000e+000  
-0.000000e+000  -2.231072e+000  -4.456078e+000  -6.668926e+000  -8.863472e+000  -1.103350e+001  -1.317272e+001  -1.527475e+001  -1.733310e+001  -1.705182e+001  -1.667839e+001  -1.622979e+001  -1.572165e+001  -1.516802e+001  -1.458123e+001  -1.397191e+001  -1.334903e+001  -1.208478e+001  -1.083836e+001  -9.281658e+000  -7.823189e+000  -4.171287e+000  -0.000000e+000  
-0.000000e+000  -1.016716e+000  -2.030546e+000  -3.038609e+000  -4.038038e+000  -5.025985e+000  -5.999628e+000  -6.956183e+000  -7.892910e+000  -7.875083e+000  -7.812647e+000  -7.710424e+000  -7.573252e+000  -7.405869e+000  -7.212806e+000  -6.998323e+000  -6.766349e+000  -6.260659e+000  -5.723466e+000  -5.005121e+000  -4.292332e+000  -2.345653e+000  -0.000000e+000  
-0.000000e+000  -0.000000e+000  -0.000000e+000  -0.000000e+000  -0.000000e+000  -0.000000e+000  -0.000000e+000  -0.000000e+000  -0.000000e+000  -0.000000e+000  -0.000000e+000  -0.000000e+000  -0.000000e+000  -0.000000e+000  -0.000000e+000  -0.000000e+000  -0.000000e+000  -0.000000e+000  -0.000000e+000  -0.000000e+000  -0.000000e+000  -0.000000e+000  -0.000000e+000  

